ERROR - 2022-11-13 08:48:48 --> mysqli_sql_exception: Cannot add or update a child row: a foreign key constraint fails (`sistem_absensi`.`tb_siswa`, CONSTRAINT `tb_siswa_ibfk_2` FOREIGN KEY (`siswa_id_kelas`) REFERENCES `tb_kelas` (`kelas_id`)) in C:\xampp\htdocs\sistem_absensi\vendor\codeigniter4\framework\system\Database\MySQLi\Connection.php:292
Stack trace:
#0 C:\xampp\htdocs\sistem_absensi\vendor\codeigniter4\framework\system\Database\MySQLi\Connection.php(292): mysqli->query('INSERT INTO `tb...', 0)
#1 C:\xampp\htdocs\sistem_absensi\vendor\codeigniter4\framework\system\Database\BaseConnection.php(666): CodeIgniter\Database\MySQLi\Connection->execute('INSERT INTO `tb...')
#2 C:\xampp\htdocs\sistem_absensi\vendor\codeigniter4\framework\system\Database\BaseConnection.php(593): CodeIgniter\Database\BaseConnection->simpleQuery('INSERT INTO `tb...')
#3 C:\xampp\htdocs\sistem_absensi\vendor\codeigniter4\framework\system\Database\BaseBuilder.php(1916): CodeIgniter\Database\BaseConnection->query('INSERT INTO `tb...', Array, false)
#4 C:\xampp\htdocs\sistem_absensi\vendor\codeigniter4\framework\system\Model.php(279): CodeIgniter\Database\BaseBuilder->insert()
#5 C:\xampp\htdocs\sistem_absensi\vendor\codeigniter4\framework\system\BaseModel.php(749): CodeIgniter\Model->doInsert(Array)
#6 C:\xampp\htdocs\sistem_absensi\vendor\codeigniter4\framework\system\Model.php(667): CodeIgniter\BaseModel->insert(Array, true)
#7 C:\xampp\htdocs\sistem_absensi\app\Controllers\Siswa.php(45): CodeIgniter\Model->insert(Array)
#8 C:\xampp\htdocs\sistem_absensi\vendor\codeigniter4\framework\system\CodeIgniter.php(927): App\Controllers\Siswa->insertData()
#9 C:\xampp\htdocs\sistem_absensi\vendor\codeigniter4\framework\system\CodeIgniter.php(482): CodeIgniter\CodeIgniter->runController(Object(App\Controllers\Siswa))
#10 C:\xampp\htdocs\sistem_absensi\vendor\codeigniter4\framework\system\CodeIgniter.php(351): CodeIgniter\CodeIgniter->handleRequest(NULL, Object(Config\Cache), false)
#11 C:\xampp\htdocs\sistem_absensi\public\index.php(67): CodeIgniter\CodeIgniter->run()
#12 C:\xampp\htdocs\sistem_absensi\vendor\codeigniter4\framework\system\Commands\Server\rewrite.php(46): require_once('C:\\xampp\\htdocs...')
#13 {main}
CRITICAL - 2022-11-13 08:48:48 --> Cannot add or update a child row: a foreign key constraint fails (`sistem_absensi`.`tb_siswa`, CONSTRAINT `tb_siswa_ibfk_2` FOREIGN KEY (`siswa_id_kelas`) REFERENCES `tb_kelas` (`kelas_id`))
in SYSTEMPATH\Database\MySQLi\Connection.php on line 292.
 1 SYSTEMPATH\Database\MySQLi\Connection.php(292): mysqli->query('INSERT INTO `tb_siswa` (`siswa_nis`, `siswa_nama`, `siswa_tempat_lahir`, `siswa_tgl_lahir`, `siswa_jk`, `siswa_alamat`, `siswa_th_angkatan`, `siswa_foto`) VALUES (\'71384721\', \'hares\', \'semarang\', \'2022-11-13\', \'Laki-Laki\', \'ngaaaaaaaaaaak\', \'2019\', \'1668350928_c4d54b7a27212f65b451.png\')', 0)
 2 SYSTEMPATH\Database\BaseConnection.php(666): CodeIgniter\Database\MySQLi\Connection->execute('INSERT INTO `tb_siswa` (`siswa_nis`, `siswa_nama`, `siswa_tempat_lahir`, `siswa_tgl_lahir`, `siswa_jk`, `siswa_alamat`, `siswa_th_angkatan`, `siswa_foto`) VALUES (\'71384721\', \'hares\', \'semarang\', \'2022-11-13\', \'Laki-Laki\', \'ngaaaaaaaaaaak\', \'2019\', \'1668350928_c4d54b7a27212f65b451.png\')')
 3 SYSTEMPATH\Database\BaseConnection.php(593): CodeIgniter\Database\BaseConnection->simpleQuery('INSERT INTO `tb_siswa` (`siswa_nis`, `siswa_nama`, `siswa_tempat_lahir`, `siswa_tgl_lahir`, `siswa_jk`, `siswa_alamat`, `siswa_th_angkatan`, `siswa_foto`) VALUES (\'71384721\', \'hares\', \'semarang\', \'2022-11-13\', \'Laki-Laki\', \'ngaaaaaaaaaaak\', \'2019\', \'1668350928_c4d54b7a27212f65b451.png\')')
 4 SYSTEMPATH\Database\BaseBuilder.php(1916): CodeIgniter\Database\BaseConnection->query('INSERT INTO `tb_siswa` (`siswa_nis`, `siswa_nama`, `siswa_tempat_lahir`, `siswa_tgl_lahir`, `siswa_jk`, `siswa_alamat`, `siswa_th_angkatan`, `siswa_foto`) VALUES (:siswa_nis:, :siswa_nama:, :siswa_tempat_lahir:, :siswa_tgl_lahir:, :siswa_jk:, :siswa_alamat:, :siswa_th_angkatan:, :siswa_foto:)', [...], false)
 5 SYSTEMPATH\Model.php(279): CodeIgniter\Database\BaseBuilder->insert()
 6 SYSTEMPATH\BaseModel.php(749): CodeIgniter\Model->doInsert([...])
 7 SYSTEMPATH\Model.php(667): CodeIgniter\BaseModel->insert([...], true)
 8 APPPATH\Controllers\Siswa.php(45): CodeIgniter\Model->insert([...])
 9 SYSTEMPATH\CodeIgniter.php(927): App\Controllers\Siswa->insertData()
10 SYSTEMPATH\CodeIgniter.php(482): CodeIgniter\CodeIgniter->runController(Object(App\Controllers\Siswa))
11 SYSTEMPATH\CodeIgniter.php(351): CodeIgniter\CodeIgniter->handleRequest(null, Object(Config\Cache), false)
12 FCPATH\index.php(67): CodeIgniter\CodeIgniter->run()
13 SYSTEMPATH\Commands\Server\rewrite.php(46): require_once('FCPATH\\index.php')
ERROR - 2022-11-13 08:49:40 --> mysqli_sql_exception: Cannot add or update a child row: a foreign key constraint fails (`sistem_absensi`.`tb_siswa`, CONSTRAINT `tb_siswa_ibfk_2` FOREIGN KEY (`siswa_id_kelas`) REFERENCES `tb_kelas` (`kelas_id`)) in C:\xampp\htdocs\sistem_absensi\vendor\codeigniter4\framework\system\Database\MySQLi\Connection.php:292
Stack trace:
#0 C:\xampp\htdocs\sistem_absensi\vendor\codeigniter4\framework\system\Database\MySQLi\Connection.php(292): mysqli->query('INSERT INTO `tb...', 0)
#1 C:\xampp\htdocs\sistem_absensi\vendor\codeigniter4\framework\system\Database\BaseConnection.php(666): CodeIgniter\Database\MySQLi\Connection->execute('INSERT INTO `tb...')
#2 C:\xampp\htdocs\sistem_absensi\vendor\codeigniter4\framework\system\Database\BaseConnection.php(593): CodeIgniter\Database\BaseConnection->simpleQuery('INSERT INTO `tb...')
#3 C:\xampp\htdocs\sistem_absensi\vendor\codeigniter4\framework\system\Database\BaseBuilder.php(1916): CodeIgniter\Database\BaseConnection->query('INSERT INTO `tb...', Array, false)
#4 C:\xampp\htdocs\sistem_absensi\vendor\codeigniter4\framework\system\Model.php(279): CodeIgniter\Database\BaseBuilder->insert()
#5 C:\xampp\htdocs\sistem_absensi\vendor\codeigniter4\framework\system\BaseModel.php(749): CodeIgniter\Model->doInsert(Array)
#6 C:\xampp\htdocs\sistem_absensi\vendor\codeigniter4\framework\system\Model.php(667): CodeIgniter\BaseModel->insert(Array, true)
#7 C:\xampp\htdocs\sistem_absensi\app\Controllers\Siswa.php(45): CodeIgniter\Model->insert(Array)
#8 C:\xampp\htdocs\sistem_absensi\vendor\codeigniter4\framework\system\CodeIgniter.php(927): App\Controllers\Siswa->insertData()
#9 C:\xampp\htdocs\sistem_absensi\vendor\codeigniter4\framework\system\CodeIgniter.php(482): CodeIgniter\CodeIgniter->runController(Object(App\Controllers\Siswa))
#10 C:\xampp\htdocs\sistem_absensi\vendor\codeigniter4\framework\system\CodeIgniter.php(351): CodeIgniter\CodeIgniter->handleRequest(NULL, Object(Config\Cache), false)
#11 C:\xampp\htdocs\sistem_absensi\public\index.php(67): CodeIgniter\CodeIgniter->run()
#12 C:\xampp\htdocs\sistem_absensi\vendor\codeigniter4\framework\system\Commands\Server\rewrite.php(46): require_once('C:\\xampp\\htdocs...')
#13 {main}
CRITICAL - 2022-11-13 08:49:40 --> Cannot add or update a child row: a foreign key constraint fails (`sistem_absensi`.`tb_siswa`, CONSTRAINT `tb_siswa_ibfk_2` FOREIGN KEY (`siswa_id_kelas`) REFERENCES `tb_kelas` (`kelas_id`))
in SYSTEMPATH\Database\MySQLi\Connection.php on line 292.
 1 SYSTEMPATH\Database\MySQLi\Connection.php(292): mysqli->query('INSERT INTO `tb_siswa` (`siswa_nis`, `siswa_nama`, `siswa_tempat_lahir`, `siswa_tgl_lahir`, `siswa_jk`, `siswa_alamat`, `siswa_th_angkatan`, `siswa_foto`) VALUES (\'71384721\', \'hares\', \'semarang\', \'2022-11-13\', \'Laki-Laki\', \'ngaaaaaaaaaaak\', \'2019\', \'1668350980_a622aff1a91852720d9c.png\')', 0)
 2 SYSTEMPATH\Database\BaseConnection.php(666): CodeIgniter\Database\MySQLi\Connection->execute('INSERT INTO `tb_siswa` (`siswa_nis`, `siswa_nama`, `siswa_tempat_lahir`, `siswa_tgl_lahir`, `siswa_jk`, `siswa_alamat`, `siswa_th_angkatan`, `siswa_foto`) VALUES (\'71384721\', \'hares\', \'semarang\', \'2022-11-13\', \'Laki-Laki\', \'ngaaaaaaaaaaak\', \'2019\', \'1668350980_a622aff1a91852720d9c.png\')')
 3 SYSTEMPATH\Database\BaseConnection.php(593): CodeIgniter\Database\BaseConnection->simpleQuery('INSERT INTO `tb_siswa` (`siswa_nis`, `siswa_nama`, `siswa_tempat_lahir`, `siswa_tgl_lahir`, `siswa_jk`, `siswa_alamat`, `siswa_th_angkatan`, `siswa_foto`) VALUES (\'71384721\', \'hares\', \'semarang\', \'2022-11-13\', \'Laki-Laki\', \'ngaaaaaaaaaaak\', \'2019\', \'1668350980_a622aff1a91852720d9c.png\')')
 4 SYSTEMPATH\Database\BaseBuilder.php(1916): CodeIgniter\Database\BaseConnection->query('INSERT INTO `tb_siswa` (`siswa_nis`, `siswa_nama`, `siswa_tempat_lahir`, `siswa_tgl_lahir`, `siswa_jk`, `siswa_alamat`, `siswa_th_angkatan`, `siswa_foto`) VALUES (:siswa_nis:, :siswa_nama:, :siswa_tempat_lahir:, :siswa_tgl_lahir:, :siswa_jk:, :siswa_alamat:, :siswa_th_angkatan:, :siswa_foto:)', [...], false)
 5 SYSTEMPATH\Model.php(279): CodeIgniter\Database\BaseBuilder->insert()
 6 SYSTEMPATH\BaseModel.php(749): CodeIgniter\Model->doInsert([...])
 7 SYSTEMPATH\Model.php(667): CodeIgniter\BaseModel->insert([...], true)
 8 APPPATH\Controllers\Siswa.php(45): CodeIgniter\Model->insert([...])
 9 SYSTEMPATH\CodeIgniter.php(927): App\Controllers\Siswa->insertData()
10 SYSTEMPATH\CodeIgniter.php(482): CodeIgniter\CodeIgniter->runController(Object(App\Controllers\Siswa))
11 SYSTEMPATH\CodeIgniter.php(351): CodeIgniter\CodeIgniter->handleRequest(null, Object(Config\Cache), false)
12 FCPATH\index.php(67): CodeIgniter\CodeIgniter->run()
13 SYSTEMPATH\Commands\Server\rewrite.php(46): require_once('FCPATH\\index.php')
ERROR - 2022-11-13 08:51:26 --> mysqli_sql_exception: Cannot add or update a child row: a foreign key constraint fails (`sistem_absensi`.`tb_siswa`, CONSTRAINT `tb_siswa_ibfk_2` FOREIGN KEY (`siswa_id_kelas`) REFERENCES `tb_kelas` (`kelas_id`)) in C:\xampp\htdocs\sistem_absensi\vendor\codeigniter4\framework\system\Database\MySQLi\Connection.php:292
Stack trace:
#0 C:\xampp\htdocs\sistem_absensi\vendor\codeigniter4\framework\system\Database\MySQLi\Connection.php(292): mysqli->query('INSERT INTO `tb...', 0)
#1 C:\xampp\htdocs\sistem_absensi\vendor\codeigniter4\framework\system\Database\BaseConnection.php(666): CodeIgniter\Database\MySQLi\Connection->execute('INSERT INTO `tb...')
#2 C:\xampp\htdocs\sistem_absensi\vendor\codeigniter4\framework\system\Database\BaseConnection.php(593): CodeIgniter\Database\BaseConnection->simpleQuery('INSERT INTO `tb...')
#3 C:\xampp\htdocs\sistem_absensi\vendor\codeigniter4\framework\system\Database\BaseBuilder.php(1916): CodeIgniter\Database\BaseConnection->query('INSERT INTO `tb...', Array, false)
#4 C:\xampp\htdocs\sistem_absensi\vendor\codeigniter4\framework\system\Model.php(279): CodeIgniter\Database\BaseBuilder->insert()
#5 C:\xampp\htdocs\sistem_absensi\vendor\codeigniter4\framework\system\BaseModel.php(749): CodeIgniter\Model->doInsert(Array)
#6 C:\xampp\htdocs\sistem_absensi\vendor\codeigniter4\framework\system\Model.php(667): CodeIgniter\BaseModel->insert(Array, true)
#7 C:\xampp\htdocs\sistem_absensi\app\Controllers\Siswa.php(45): CodeIgniter\Model->insert(Array)
#8 C:\xampp\htdocs\sistem_absensi\vendor\codeigniter4\framework\system\CodeIgniter.php(927): App\Controllers\Siswa->insertData()
#9 C:\xampp\htdocs\sistem_absensi\vendor\codeigniter4\framework\system\CodeIgniter.php(482): CodeIgniter\CodeIgniter->runController(Object(App\Controllers\Siswa))
#10 C:\xampp\htdocs\sistem_absensi\vendor\codeigniter4\framework\system\CodeIgniter.php(351): CodeIgniter\CodeIgniter->handleRequest(NULL, Object(Config\Cache), false)
#11 C:\xampp\htdocs\sistem_absensi\public\index.php(67): CodeIgniter\CodeIgniter->run()
#12 C:\xampp\htdocs\sistem_absensi\vendor\codeigniter4\framework\system\Commands\Server\rewrite.php(46): require_once('C:\\xampp\\htdocs...')
#13 {main}
CRITICAL - 2022-11-13 08:51:26 --> Cannot add or update a child row: a foreign key constraint fails (`sistem_absensi`.`tb_siswa`, CONSTRAINT `tb_siswa_ibfk_2` FOREIGN KEY (`siswa_id_kelas`) REFERENCES `tb_kelas` (`kelas_id`))
in SYSTEMPATH\Database\MySQLi\Connection.php on line 292.
 1 SYSTEMPATH\Database\MySQLi\Connection.php(292): mysqli->query('INSERT INTO `tb_siswa` (`siswa_nis`, `siswa_nama`, `siswa_tempat_lahir`, `siswa_tgl_lahir`, `siswa_jk`, `siswa_alamat`, `siswa_th_angkatan`, `siswa_foto`) VALUES (\'71384721\', \'hares\', \'semarang\', \'2022-11-13\', \'Laki-Laki\', \'ngaaaaaaaaaaak\', \'2019\', \'1668351086_fc9d901e4340f421c894.png\')', 0)
 2 SYSTEMPATH\Database\BaseConnection.php(666): CodeIgniter\Database\MySQLi\Connection->execute('INSERT INTO `tb_siswa` (`siswa_nis`, `siswa_nama`, `siswa_tempat_lahir`, `siswa_tgl_lahir`, `siswa_jk`, `siswa_alamat`, `siswa_th_angkatan`, `siswa_foto`) VALUES (\'71384721\', \'hares\', \'semarang\', \'2022-11-13\', \'Laki-Laki\', \'ngaaaaaaaaaaak\', \'2019\', \'1668351086_fc9d901e4340f421c894.png\')')
 3 SYSTEMPATH\Database\BaseConnection.php(593): CodeIgniter\Database\BaseConnection->simpleQuery('INSERT INTO `tb_siswa` (`siswa_nis`, `siswa_nama`, `siswa_tempat_lahir`, `siswa_tgl_lahir`, `siswa_jk`, `siswa_alamat`, `siswa_th_angkatan`, `siswa_foto`) VALUES (\'71384721\', \'hares\', \'semarang\', \'2022-11-13\', \'Laki-Laki\', \'ngaaaaaaaaaaak\', \'2019\', \'1668351086_fc9d901e4340f421c894.png\')')
 4 SYSTEMPATH\Database\BaseBuilder.php(1916): CodeIgniter\Database\BaseConnection->query('INSERT INTO `tb_siswa` (`siswa_nis`, `siswa_nama`, `siswa_tempat_lahir`, `siswa_tgl_lahir`, `siswa_jk`, `siswa_alamat`, `siswa_th_angkatan`, `siswa_foto`) VALUES (:siswa_nis:, :siswa_nama:, :siswa_tempat_lahir:, :siswa_tgl_lahir:, :siswa_jk:, :siswa_alamat:, :siswa_th_angkatan:, :siswa_foto:)', [...], false)
 5 SYSTEMPATH\Model.php(279): CodeIgniter\Database\BaseBuilder->insert()
 6 SYSTEMPATH\BaseModel.php(749): CodeIgniter\Model->doInsert([...])
 7 SYSTEMPATH\Model.php(667): CodeIgniter\BaseModel->insert([...], true)
 8 APPPATH\Controllers\Siswa.php(45): CodeIgniter\Model->insert([...])
 9 SYSTEMPATH\CodeIgniter.php(927): App\Controllers\Siswa->insertData()
10 SYSTEMPATH\CodeIgniter.php(482): CodeIgniter\CodeIgniter->runController(Object(App\Controllers\Siswa))
11 SYSTEMPATH\CodeIgniter.php(351): CodeIgniter\CodeIgniter->handleRequest(null, Object(Config\Cache), false)
12 FCPATH\index.php(67): CodeIgniter\CodeIgniter->run()
13 SYSTEMPATH\Commands\Server\rewrite.php(46): require_once('FCPATH\\index.php')
ERROR - 2022-11-13 08:52:39 --> mysqli_sql_exception: Cannot add or update a child row: a foreign key constraint fails (`sistem_absensi`.`tb_siswa`, CONSTRAINT `tb_siswa_ibfk_2` FOREIGN KEY (`siswa_id_kelas`) REFERENCES `tb_kelas` (`kelas_id`)) in C:\xampp\htdocs\sistem_absensi\vendor\codeigniter4\framework\system\Database\MySQLi\Connection.php:292
Stack trace:
#0 C:\xampp\htdocs\sistem_absensi\vendor\codeigniter4\framework\system\Database\MySQLi\Connection.php(292): mysqli->query('INSERT INTO `tb...', 0)
#1 C:\xampp\htdocs\sistem_absensi\vendor\codeigniter4\framework\system\Database\BaseConnection.php(666): CodeIgniter\Database\MySQLi\Connection->execute('INSERT INTO `tb...')
#2 C:\xampp\htdocs\sistem_absensi\vendor\codeigniter4\framework\system\Database\BaseConnection.php(593): CodeIgniter\Database\BaseConnection->simpleQuery('INSERT INTO `tb...')
#3 C:\xampp\htdocs\sistem_absensi\vendor\codeigniter4\framework\system\Database\BaseBuilder.php(1916): CodeIgniter\Database\BaseConnection->query('INSERT INTO `tb...', Array, false)
#4 C:\xampp\htdocs\sistem_absensi\vendor\codeigniter4\framework\system\Model.php(279): CodeIgniter\Database\BaseBuilder->insert()
#5 C:\xampp\htdocs\sistem_absensi\vendor\codeigniter4\framework\system\BaseModel.php(749): CodeIgniter\Model->doInsert(Array)
#6 C:\xampp\htdocs\sistem_absensi\vendor\codeigniter4\framework\system\Model.php(667): CodeIgniter\BaseModel->insert(Array, true)
#7 C:\xampp\htdocs\sistem_absensi\app\Controllers\Siswa.php(45): CodeIgniter\Model->insert(Array)
#8 C:\xampp\htdocs\sistem_absensi\vendor\codeigniter4\framework\system\CodeIgniter.php(927): App\Controllers\Siswa->insertData()
#9 C:\xampp\htdocs\sistem_absensi\vendor\codeigniter4\framework\system\CodeIgniter.php(482): CodeIgniter\CodeIgniter->runController(Object(App\Controllers\Siswa))
#10 C:\xampp\htdocs\sistem_absensi\vendor\codeigniter4\framework\system\CodeIgniter.php(351): CodeIgniter\CodeIgniter->handleRequest(NULL, Object(Config\Cache), false)
#11 C:\xampp\htdocs\sistem_absensi\public\index.php(67): CodeIgniter\CodeIgniter->run()
#12 C:\xampp\htdocs\sistem_absensi\vendor\codeigniter4\framework\system\Commands\Server\rewrite.php(46): require_once('C:\\xampp\\htdocs...')
#13 {main}
CRITICAL - 2022-11-13 08:52:39 --> Cannot add or update a child row: a foreign key constraint fails (`sistem_absensi`.`tb_siswa`, CONSTRAINT `tb_siswa_ibfk_2` FOREIGN KEY (`siswa_id_kelas`) REFERENCES `tb_kelas` (`kelas_id`))
in SYSTEMPATH\Database\MySQLi\Connection.php on line 292.
 1 SYSTEMPATH\Database\MySQLi\Connection.php(292): mysqli->query('INSERT INTO `tb_siswa` (`siswa_nis`, `siswa_nama`, `siswa_tempat_lahir`, `siswa_tgl_lahir`, `siswa_jk`, `siswa_alamat`, `siswa_th_angkatan`, `siswa_foto`) VALUES (\'71384721\', \'hares\', \'semarang\', \'2022-11-13\', \'Laki-Laki\', \'ngaaaaaaaaaaak\', \'2019\', \'1668351159_dd4b415d185ce3d1d3ce.png\')', 0)
 2 SYSTEMPATH\Database\BaseConnection.php(666): CodeIgniter\Database\MySQLi\Connection->execute('INSERT INTO `tb_siswa` (`siswa_nis`, `siswa_nama`, `siswa_tempat_lahir`, `siswa_tgl_lahir`, `siswa_jk`, `siswa_alamat`, `siswa_th_angkatan`, `siswa_foto`) VALUES (\'71384721\', \'hares\', \'semarang\', \'2022-11-13\', \'Laki-Laki\', \'ngaaaaaaaaaaak\', \'2019\', \'1668351159_dd4b415d185ce3d1d3ce.png\')')
 3 SYSTEMPATH\Database\BaseConnection.php(593): CodeIgniter\Database\BaseConnection->simpleQuery('INSERT INTO `tb_siswa` (`siswa_nis`, `siswa_nama`, `siswa_tempat_lahir`, `siswa_tgl_lahir`, `siswa_jk`, `siswa_alamat`, `siswa_th_angkatan`, `siswa_foto`) VALUES (\'71384721\', \'hares\', \'semarang\', \'2022-11-13\', \'Laki-Laki\', \'ngaaaaaaaaaaak\', \'2019\', \'1668351159_dd4b415d185ce3d1d3ce.png\')')
 4 SYSTEMPATH\Database\BaseBuilder.php(1916): CodeIgniter\Database\BaseConnection->query('INSERT INTO `tb_siswa` (`siswa_nis`, `siswa_nama`, `siswa_tempat_lahir`, `siswa_tgl_lahir`, `siswa_jk`, `siswa_alamat`, `siswa_th_angkatan`, `siswa_foto`) VALUES (:siswa_nis:, :siswa_nama:, :siswa_tempat_lahir:, :siswa_tgl_lahir:, :siswa_jk:, :siswa_alamat:, :siswa_th_angkatan:, :siswa_foto:)', [...], false)
 5 SYSTEMPATH\Model.php(279): CodeIgniter\Database\BaseBuilder->insert()
 6 SYSTEMPATH\BaseModel.php(749): CodeIgniter\Model->doInsert([...])
 7 SYSTEMPATH\Model.php(667): CodeIgniter\BaseModel->insert([...], true)
 8 APPPATH\Controllers\Siswa.php(45): CodeIgniter\Model->insert([...])
 9 SYSTEMPATH\CodeIgniter.php(927): App\Controllers\Siswa->insertData()
10 SYSTEMPATH\CodeIgniter.php(482): CodeIgniter\CodeIgniter->runController(Object(App\Controllers\Siswa))
11 SYSTEMPATH\CodeIgniter.php(351): CodeIgniter\CodeIgniter->handleRequest(null, Object(Config\Cache), false)
12 FCPATH\index.php(67): CodeIgniter\CodeIgniter->run()
13 SYSTEMPATH\Commands\Server\rewrite.php(46): require_once('FCPATH\\index.php')
ERROR - 2022-11-13 08:53:27 --> mysqli_sql_exception: Column 'siswa_id_kelas' cannot be null in C:\xampp\htdocs\sistem_absensi\vendor\codeigniter4\framework\system\Database\MySQLi\Connection.php:292
Stack trace:
#0 C:\xampp\htdocs\sistem_absensi\vendor\codeigniter4\framework\system\Database\MySQLi\Connection.php(292): mysqli->query('INSERT INTO `tb...', 0)
#1 C:\xampp\htdocs\sistem_absensi\vendor\codeigniter4\framework\system\Database\BaseConnection.php(666): CodeIgniter\Database\MySQLi\Connection->execute('INSERT INTO `tb...')
#2 C:\xampp\htdocs\sistem_absensi\vendor\codeigniter4\framework\system\Database\BaseConnection.php(593): CodeIgniter\Database\BaseConnection->simpleQuery('INSERT INTO `tb...')
#3 C:\xampp\htdocs\sistem_absensi\vendor\codeigniter4\framework\system\Database\BaseBuilder.php(1916): CodeIgniter\Database\BaseConnection->query('INSERT INTO `tb...', Array, false)
#4 C:\xampp\htdocs\sistem_absensi\vendor\codeigniter4\framework\system\Model.php(279): CodeIgniter\Database\BaseBuilder->insert()
#5 C:\xampp\htdocs\sistem_absensi\vendor\codeigniter4\framework\system\BaseModel.php(749): CodeIgniter\Model->doInsert(Array)
#6 C:\xampp\htdocs\sistem_absensi\vendor\codeigniter4\framework\system\Model.php(667): CodeIgniter\BaseModel->insert(Array, true)
#7 C:\xampp\htdocs\sistem_absensi\app\Controllers\Siswa.php(45): CodeIgniter\Model->insert(Array)
#8 C:\xampp\htdocs\sistem_absensi\vendor\codeigniter4\framework\system\CodeIgniter.php(927): App\Controllers\Siswa->insertData()
#9 C:\xampp\htdocs\sistem_absensi\vendor\codeigniter4\framework\system\CodeIgniter.php(482): CodeIgniter\CodeIgniter->runController(Object(App\Controllers\Siswa))
#10 C:\xampp\htdocs\sistem_absensi\vendor\codeigniter4\framework\system\CodeIgniter.php(351): CodeIgniter\CodeIgniter->handleRequest(NULL, Object(Config\Cache), false)
#11 C:\xampp\htdocs\sistem_absensi\public\index.php(67): CodeIgniter\CodeIgniter->run()
#12 C:\xampp\htdocs\sistem_absensi\vendor\codeigniter4\framework\system\Commands\Server\rewrite.php(46): require_once('C:\\xampp\\htdocs...')
#13 {main}
CRITICAL - 2022-11-13 08:53:27 --> Column 'siswa_id_kelas' cannot be null
in SYSTEMPATH\Database\MySQLi\Connection.php on line 292.
 1 SYSTEMPATH\Database\MySQLi\Connection.php(292): mysqli->query('INSERT INTO `tb_siswa` (`siswa_nis`, `siswa_nama`, `siswa_tempat_lahir`, `siswa_tgl_lahir`, `siswa_jk`, `siswa_alamat`, `siswa_th_angkatan`, `siswa_id_kelas`, `siswa_foto`) VALUES (\'71384721\', \'hares\', \'semarang\', \'2022-11-13\', \'Laki-Laki\', \'ngaaaaaaaaaaak\', \'2019\', NULL, \'1668351207_4ca0e4e0d5be4ee9527e.png\')', 0)
 2 SYSTEMPATH\Database\BaseConnection.php(666): CodeIgniter\Database\MySQLi\Connection->execute('INSERT INTO `tb_siswa` (`siswa_nis`, `siswa_nama`, `siswa_tempat_lahir`, `siswa_tgl_lahir`, `siswa_jk`, `siswa_alamat`, `siswa_th_angkatan`, `siswa_id_kelas`, `siswa_foto`) VALUES (\'71384721\', \'hares\', \'semarang\', \'2022-11-13\', \'Laki-Laki\', \'ngaaaaaaaaaaak\', \'2019\', NULL, \'1668351207_4ca0e4e0d5be4ee9527e.png\')')
 3 SYSTEMPATH\Database\BaseConnection.php(593): CodeIgniter\Database\BaseConnection->simpleQuery('INSERT INTO `tb_siswa` (`siswa_nis`, `siswa_nama`, `siswa_tempat_lahir`, `siswa_tgl_lahir`, `siswa_jk`, `siswa_alamat`, `siswa_th_angkatan`, `siswa_id_kelas`, `siswa_foto`) VALUES (\'71384721\', \'hares\', \'semarang\', \'2022-11-13\', \'Laki-Laki\', \'ngaaaaaaaaaaak\', \'2019\', NULL, \'1668351207_4ca0e4e0d5be4ee9527e.png\')')
 4 SYSTEMPATH\Database\BaseBuilder.php(1916): CodeIgniter\Database\BaseConnection->query('INSERT INTO `tb_siswa` (`siswa_nis`, `siswa_nama`, `siswa_tempat_lahir`, `siswa_tgl_lahir`, `siswa_jk`, `siswa_alamat`, `siswa_th_angkatan`, `siswa_id_kelas`, `siswa_foto`) VALUES (:siswa_nis:, :siswa_nama:, :siswa_tempat_lahir:, :siswa_tgl_lahir:, :siswa_jk:, :siswa_alamat:, :siswa_th_angkatan:, :siswa_id_kelas:, :siswa_foto:)', [...], false)
 5 SYSTEMPATH\Model.php(279): CodeIgniter\Database\BaseBuilder->insert()
 6 SYSTEMPATH\BaseModel.php(749): CodeIgniter\Model->doInsert([...])
 7 SYSTEMPATH\Model.php(667): CodeIgniter\BaseModel->insert([...], true)
 8 APPPATH\Controllers\Siswa.php(45): CodeIgniter\Model->insert([...])
 9 SYSTEMPATH\CodeIgniter.php(927): App\Controllers\Siswa->insertData()
10 SYSTEMPATH\CodeIgniter.php(482): CodeIgniter\CodeIgniter->runController(Object(App\Controllers\Siswa))
11 SYSTEMPATH\CodeIgniter.php(351): CodeIgniter\CodeIgniter->handleRequest(null, Object(Config\Cache), false)
12 FCPATH\index.php(67): CodeIgniter\CodeIgniter->run()
13 SYSTEMPATH\Commands\Server\rewrite.php(46): require_once('FCPATH\\index.php')
ERROR - 2022-11-13 08:54:04 --> mysqli_sql_exception: Column 'siswa_id_kelas' cannot be null in C:\xampp\htdocs\sistem_absensi\vendor\codeigniter4\framework\system\Database\MySQLi\Connection.php:292
Stack trace:
#0 C:\xampp\htdocs\sistem_absensi\vendor\codeigniter4\framework\system\Database\MySQLi\Connection.php(292): mysqli->query('INSERT INTO `tb...', 0)
#1 C:\xampp\htdocs\sistem_absensi\vendor\codeigniter4\framework\system\Database\BaseConnection.php(666): CodeIgniter\Database\MySQLi\Connection->execute('INSERT INTO `tb...')
#2 C:\xampp\htdocs\sistem_absensi\vendor\codeigniter4\framework\system\Database\BaseConnection.php(593): CodeIgniter\Database\BaseConnection->simpleQuery('INSERT INTO `tb...')
#3 C:\xampp\htdocs\sistem_absensi\vendor\codeigniter4\framework\system\Database\BaseBuilder.php(1916): CodeIgniter\Database\BaseConnection->query('INSERT INTO `tb...', Array, false)
#4 C:\xampp\htdocs\sistem_absensi\vendor\codeigniter4\framework\system\Model.php(279): CodeIgniter\Database\BaseBuilder->insert()
#5 C:\xampp\htdocs\sistem_absensi\vendor\codeigniter4\framework\system\BaseModel.php(749): CodeIgniter\Model->doInsert(Array)
#6 C:\xampp\htdocs\sistem_absensi\vendor\codeigniter4\framework\system\Model.php(667): CodeIgniter\BaseModel->insert(Array, true)
#7 C:\xampp\htdocs\sistem_absensi\app\Controllers\Siswa.php(45): CodeIgniter\Model->insert(Array)
#8 C:\xampp\htdocs\sistem_absensi\vendor\codeigniter4\framework\system\CodeIgniter.php(927): App\Controllers\Siswa->insertData()
#9 C:\xampp\htdocs\sistem_absensi\vendor\codeigniter4\framework\system\CodeIgniter.php(482): CodeIgniter\CodeIgniter->runController(Object(App\Controllers\Siswa))
#10 C:\xampp\htdocs\sistem_absensi\vendor\codeigniter4\framework\system\CodeIgniter.php(351): CodeIgniter\CodeIgniter->handleRequest(NULL, Object(Config\Cache), false)
#11 C:\xampp\htdocs\sistem_absensi\public\index.php(67): CodeIgniter\CodeIgniter->run()
#12 C:\xampp\htdocs\sistem_absensi\vendor\codeigniter4\framework\system\Commands\Server\rewrite.php(46): require_once('C:\\xampp\\htdocs...')
#13 {main}
CRITICAL - 2022-11-13 08:54:04 --> Column 'siswa_id_kelas' cannot be null
in SYSTEMPATH\Database\MySQLi\Connection.php on line 292.
 1 SYSTEMPATH\Database\MySQLi\Connection.php(292): mysqli->query('INSERT INTO `tb_siswa` (`siswa_nis`, `siswa_nama`, `siswa_tempat_lahir`, `siswa_tgl_lahir`, `siswa_jk`, `siswa_alamat`, `siswa_th_angkatan`, `siswa_id_kelas`, `siswa_foto`) VALUES (\'71384721\', \'hares\', \'semarang\', \'2022-11-13\', \'Laki-Laki\', \'ngaaaaaaaaaaak\', \'2019\', NULL, \'1668351244_97312dce3087bd1e2e72.png\')', 0)
 2 SYSTEMPATH\Database\BaseConnection.php(666): CodeIgniter\Database\MySQLi\Connection->execute('INSERT INTO `tb_siswa` (`siswa_nis`, `siswa_nama`, `siswa_tempat_lahir`, `siswa_tgl_lahir`, `siswa_jk`, `siswa_alamat`, `siswa_th_angkatan`, `siswa_id_kelas`, `siswa_foto`) VALUES (\'71384721\', \'hares\', \'semarang\', \'2022-11-13\', \'Laki-Laki\', \'ngaaaaaaaaaaak\', \'2019\', NULL, \'1668351244_97312dce3087bd1e2e72.png\')')
 3 SYSTEMPATH\Database\BaseConnection.php(593): CodeIgniter\Database\BaseConnection->simpleQuery('INSERT INTO `tb_siswa` (`siswa_nis`, `siswa_nama`, `siswa_tempat_lahir`, `siswa_tgl_lahir`, `siswa_jk`, `siswa_alamat`, `siswa_th_angkatan`, `siswa_id_kelas`, `siswa_foto`) VALUES (\'71384721\', \'hares\', \'semarang\', \'2022-11-13\', \'Laki-Laki\', \'ngaaaaaaaaaaak\', \'2019\', NULL, \'1668351244_97312dce3087bd1e2e72.png\')')
 4 SYSTEMPATH\Database\BaseBuilder.php(1916): CodeIgniter\Database\BaseConnection->query('INSERT INTO `tb_siswa` (`siswa_nis`, `siswa_nama`, `siswa_tempat_lahir`, `siswa_tgl_lahir`, `siswa_jk`, `siswa_alamat`, `siswa_th_angkatan`, `siswa_id_kelas`, `siswa_foto`) VALUES (:siswa_nis:, :siswa_nama:, :siswa_tempat_lahir:, :siswa_tgl_lahir:, :siswa_jk:, :siswa_alamat:, :siswa_th_angkatan:, :siswa_id_kelas:, :siswa_foto:)', [...], false)
 5 SYSTEMPATH\Model.php(279): CodeIgniter\Database\BaseBuilder->insert()
 6 SYSTEMPATH\BaseModel.php(749): CodeIgniter\Model->doInsert([...])
 7 SYSTEMPATH\Model.php(667): CodeIgniter\BaseModel->insert([...], true)
 8 APPPATH\Controllers\Siswa.php(45): CodeIgniter\Model->insert([...])
 9 SYSTEMPATH\CodeIgniter.php(927): App\Controllers\Siswa->insertData()
10 SYSTEMPATH\CodeIgniter.php(482): CodeIgniter\CodeIgniter->runController(Object(App\Controllers\Siswa))
11 SYSTEMPATH\CodeIgniter.php(351): CodeIgniter\CodeIgniter->handleRequest(null, Object(Config\Cache), false)
12 FCPATH\index.php(67): CodeIgniter\CodeIgniter->run()
13 SYSTEMPATH\Commands\Server\rewrite.php(46): require_once('FCPATH\\index.php')
ERROR - 2022-11-13 08:54:32 --> mysqli_sql_exception: Column 'siswa_id_kelas' cannot be null in C:\xampp\htdocs\sistem_absensi\vendor\codeigniter4\framework\system\Database\MySQLi\Connection.php:292
Stack trace:
#0 C:\xampp\htdocs\sistem_absensi\vendor\codeigniter4\framework\system\Database\MySQLi\Connection.php(292): mysqli->query('INSERT INTO `tb...', 0)
#1 C:\xampp\htdocs\sistem_absensi\vendor\codeigniter4\framework\system\Database\BaseConnection.php(666): CodeIgniter\Database\MySQLi\Connection->execute('INSERT INTO `tb...')
#2 C:\xampp\htdocs\sistem_absensi\vendor\codeigniter4\framework\system\Database\BaseConnection.php(593): CodeIgniter\Database\BaseConnection->simpleQuery('INSERT INTO `tb...')
#3 C:\xampp\htdocs\sistem_absensi\vendor\codeigniter4\framework\system\Database\BaseBuilder.php(1916): CodeIgniter\Database\BaseConnection->query('INSERT INTO `tb...', Array, false)
#4 C:\xampp\htdocs\sistem_absensi\vendor\codeigniter4\framework\system\Model.php(279): CodeIgniter\Database\BaseBuilder->insert()
#5 C:\xampp\htdocs\sistem_absensi\vendor\codeigniter4\framework\system\BaseModel.php(749): CodeIgniter\Model->doInsert(Array)
#6 C:\xampp\htdocs\sistem_absensi\vendor\codeigniter4\framework\system\Model.php(667): CodeIgniter\BaseModel->insert(Array, true)
#7 C:\xampp\htdocs\sistem_absensi\app\Controllers\Siswa.php(45): CodeIgniter\Model->insert(Array)
#8 C:\xampp\htdocs\sistem_absensi\vendor\codeigniter4\framework\system\CodeIgniter.php(927): App\Controllers\Siswa->insertData()
#9 C:\xampp\htdocs\sistem_absensi\vendor\codeigniter4\framework\system\CodeIgniter.php(482): CodeIgniter\CodeIgniter->runController(Object(App\Controllers\Siswa))
#10 C:\xampp\htdocs\sistem_absensi\vendor\codeigniter4\framework\system\CodeIgniter.php(351): CodeIgniter\CodeIgniter->handleRequest(NULL, Object(Config\Cache), false)
#11 C:\xampp\htdocs\sistem_absensi\public\index.php(67): CodeIgniter\CodeIgniter->run()
#12 C:\xampp\htdocs\sistem_absensi\vendor\codeigniter4\framework\system\Commands\Server\rewrite.php(46): require_once('C:\\xampp\\htdocs...')
#13 {main}
CRITICAL - 2022-11-13 08:54:32 --> Column 'siswa_id_kelas' cannot be null
in SYSTEMPATH\Database\MySQLi\Connection.php on line 292.
 1 SYSTEMPATH\Database\MySQLi\Connection.php(292): mysqli->query('INSERT INTO `tb_siswa` (`siswa_nis`, `siswa_nama`, `siswa_tempat_lahir`, `siswa_tgl_lahir`, `siswa_jk`, `siswa_alamat`, `siswa_th_angkatan`, `siswa_id_kelas`, `siswa_foto`) VALUES (\'71384721\', \'hares\', \'semarang\', \'2022-11-13\', \'Laki-Laki\', \'ngaaaaaaaaaaak\', \'2019\', NULL, \'1668351272_d98ca5aa03f5d22ecb4b.png\')', 0)
 2 SYSTEMPATH\Database\BaseConnection.php(666): CodeIgniter\Database\MySQLi\Connection->execute('INSERT INTO `tb_siswa` (`siswa_nis`, `siswa_nama`, `siswa_tempat_lahir`, `siswa_tgl_lahir`, `siswa_jk`, `siswa_alamat`, `siswa_th_angkatan`, `siswa_id_kelas`, `siswa_foto`) VALUES (\'71384721\', \'hares\', \'semarang\', \'2022-11-13\', \'Laki-Laki\', \'ngaaaaaaaaaaak\', \'2019\', NULL, \'1668351272_d98ca5aa03f5d22ecb4b.png\')')
 3 SYSTEMPATH\Database\BaseConnection.php(593): CodeIgniter\Database\BaseConnection->simpleQuery('INSERT INTO `tb_siswa` (`siswa_nis`, `siswa_nama`, `siswa_tempat_lahir`, `siswa_tgl_lahir`, `siswa_jk`, `siswa_alamat`, `siswa_th_angkatan`, `siswa_id_kelas`, `siswa_foto`) VALUES (\'71384721\', \'hares\', \'semarang\', \'2022-11-13\', \'Laki-Laki\', \'ngaaaaaaaaaaak\', \'2019\', NULL, \'1668351272_d98ca5aa03f5d22ecb4b.png\')')
 4 SYSTEMPATH\Database\BaseBuilder.php(1916): CodeIgniter\Database\BaseConnection->query('INSERT INTO `tb_siswa` (`siswa_nis`, `siswa_nama`, `siswa_tempat_lahir`, `siswa_tgl_lahir`, `siswa_jk`, `siswa_alamat`, `siswa_th_angkatan`, `siswa_id_kelas`, `siswa_foto`) VALUES (:siswa_nis:, :siswa_nama:, :siswa_tempat_lahir:, :siswa_tgl_lahir:, :siswa_jk:, :siswa_alamat:, :siswa_th_angkatan:, :siswa_id_kelas:, :siswa_foto:)', [...], false)
 5 SYSTEMPATH\Model.php(279): CodeIgniter\Database\BaseBuilder->insert()
 6 SYSTEMPATH\BaseModel.php(749): CodeIgniter\Model->doInsert([...])
 7 SYSTEMPATH\Model.php(667): CodeIgniter\BaseModel->insert([...], true)
 8 APPPATH\Controllers\Siswa.php(45): CodeIgniter\Model->insert([...])
 9 SYSTEMPATH\CodeIgniter.php(927): App\Controllers\Siswa->insertData()
10 SYSTEMPATH\CodeIgniter.php(482): CodeIgniter\CodeIgniter->runController(Object(App\Controllers\Siswa))
11 SYSTEMPATH\CodeIgniter.php(351): CodeIgniter\CodeIgniter->handleRequest(null, Object(Config\Cache), false)
12 FCPATH\index.php(67): CodeIgniter\CodeIgniter->run()
13 SYSTEMPATH\Commands\Server\rewrite.php(46): require_once('FCPATH\\index.php')
CRITICAL - 2022-11-13 08:55:09 --> Undefined array key "siswa__th_angkatan"
in APPPATH\Views\admin\view_siswa.php on line 208.
 1 APPPATH\Views\admin\view_siswa.php(208): CodeIgniter\Debug\Exceptions->errorHandler(2, 'Undefined array key "siswa__th_angkatan"', 'APPPATH\\Views\\admin\\view_siswa.php', 208)
 2 SYSTEMPATH\View\View.php(213): include('APPPATH\\Views\\admin\\view_siswa.php')
 3 SYSTEMPATH\View\View.php(216): CodeIgniter\View\View->CodeIgniter\View\{closure}()
 4 SYSTEMPATH\Common.php(1134): CodeIgniter\View\View->render('admin/view_siswa', [], true)
 5 APPPATH\Controllers\Siswa.php(26): view('admin/view_siswa', [...])
 6 SYSTEMPATH\CodeIgniter.php(927): App\Controllers\Siswa->index()
 7 SYSTEMPATH\CodeIgniter.php(482): CodeIgniter\CodeIgniter->runController(Object(App\Controllers\Siswa))
 8 SYSTEMPATH\CodeIgniter.php(351): CodeIgniter\CodeIgniter->handleRequest(null, Object(Config\Cache), false)
 9 FCPATH\index.php(67): CodeIgniter\CodeIgniter->run()
10 SYSTEMPATH\Commands\Server\rewrite.php(46): require_once('FCPATH\\index.php')
CRITICAL - 2022-11-13 08:55:59 --> Undefined array key "siswa_foto"
in APPPATH\Views\admin\view_siswa.php on line 225.
 1 APPPATH\Views\admin\view_siswa.php(225): CodeIgniter\Debug\Exceptions->errorHandler(2, 'Undefined array key "siswa_foto"', 'APPPATH\\Views\\admin\\view_siswa.php', 225)
 2 SYSTEMPATH\View\View.php(213): include('APPPATH\\Views\\admin\\view_siswa.php')
 3 SYSTEMPATH\View\View.php(216): CodeIgniter\View\View->CodeIgniter\View\{closure}()
 4 SYSTEMPATH\Common.php(1134): CodeIgniter\View\View->render('admin/view_siswa', [], true)
 5 APPPATH\Controllers\Siswa.php(26): view('admin/view_siswa', [...])
 6 SYSTEMPATH\CodeIgniter.php(927): App\Controllers\Siswa->index()
 7 SYSTEMPATH\CodeIgniter.php(482): CodeIgniter\CodeIgniter->runController(Object(App\Controllers\Siswa))
 8 SYSTEMPATH\CodeIgniter.php(351): CodeIgniter\CodeIgniter->handleRequest(null, Object(Config\Cache), false)
 9 FCPATH\index.php(67): CodeIgniter\CodeIgniter->run()
10 SYSTEMPATH\Commands\Server\rewrite.php(46): require_once('FCPATH\\index.php')
CRITICAL - 2022-11-13 08:57:40 --> Undefined array key "siswa_foto"
in APPPATH\Views\admin\view_siswa.php on line 225.
 1 APPPATH\Views\admin\view_siswa.php(225): CodeIgniter\Debug\Exceptions->errorHandler(2, 'Undefined array key "siswa_foto"', 'APPPATH\\Views\\admin\\view_siswa.php', 225)
 2 SYSTEMPATH\View\View.php(213): include('APPPATH\\Views\\admin\\view_siswa.php')
 3 SYSTEMPATH\View\View.php(216): CodeIgniter\View\View->CodeIgniter\View\{closure}()
 4 SYSTEMPATH\Common.php(1134): CodeIgniter\View\View->render('admin/view_siswa', [], true)
 5 APPPATH\Controllers\Siswa.php(26): view('admin/view_siswa', [...])
 6 SYSTEMPATH\CodeIgniter.php(927): App\Controllers\Siswa->index()
 7 SYSTEMPATH\CodeIgniter.php(482): CodeIgniter\CodeIgniter->runController(Object(App\Controllers\Siswa))
 8 SYSTEMPATH\CodeIgniter.php(351): CodeIgniter\CodeIgniter->handleRequest(null, Object(Config\Cache), false)
 9 FCPATH\index.php(67): CodeIgniter\CodeIgniter->run()
10 SYSTEMPATH\Commands\Server\rewrite.php(46): require_once('FCPATH\\index.php')
CRITICAL - 2022-11-13 08:59:22 --> Undefined array key "siswa_foto"
in APPPATH\Views\admin\view_siswa.php on line 225.
 1 APPPATH\Views\admin\view_siswa.php(225): CodeIgniter\Debug\Exceptions->errorHandler(2, 'Undefined array key "siswa_foto"', 'APPPATH\\Views\\admin\\view_siswa.php', 225)
 2 SYSTEMPATH\View\View.php(213): include('APPPATH\\Views\\admin\\view_siswa.php')
 3 SYSTEMPATH\View\View.php(216): CodeIgniter\View\View->CodeIgniter\View\{closure}()
 4 SYSTEMPATH\Common.php(1134): CodeIgniter\View\View->render('admin/view_siswa', [], true)
 5 APPPATH\Controllers\Siswa.php(26): view('admin/view_siswa', [...])
 6 SYSTEMPATH\CodeIgniter.php(927): App\Controllers\Siswa->index()
 7 SYSTEMPATH\CodeIgniter.php(482): CodeIgniter\CodeIgniter->runController(Object(App\Controllers\Siswa))
 8 SYSTEMPATH\CodeIgniter.php(351): CodeIgniter\CodeIgniter->handleRequest(null, Object(Config\Cache), false)
 9 FCPATH\index.php(67): CodeIgniter\CodeIgniter->run()
10 SYSTEMPATH\Commands\Server\rewrite.php(46): require_once('FCPATH\\index.php')
CRITICAL - 2022-11-13 09:02:09 --> Undefined array key "siswa_foto"
in APPPATH\Views\admin\view_siswa.php on line 225.
 1 APPPATH\Views\admin\view_siswa.php(225): CodeIgniter\Debug\Exceptions->errorHandler(2, 'Undefined array key "siswa_foto"', 'APPPATH\\Views\\admin\\view_siswa.php', 225)
 2 SYSTEMPATH\View\View.php(213): include('APPPATH\\Views\\admin\\view_siswa.php')
 3 SYSTEMPATH\View\View.php(216): CodeIgniter\View\View->CodeIgniter\View\{closure}()
 4 SYSTEMPATH\Common.php(1134): CodeIgniter\View\View->render('admin/view_siswa', [], true)
 5 APPPATH\Controllers\Siswa.php(26): view('admin/view_siswa', [...])
 6 SYSTEMPATH\CodeIgniter.php(927): App\Controllers\Siswa->index()
 7 SYSTEMPATH\CodeIgniter.php(482): CodeIgniter\CodeIgniter->runController(Object(App\Controllers\Siswa))
 8 SYSTEMPATH\CodeIgniter.php(351): CodeIgniter\CodeIgniter->handleRequest(null, Object(Config\Cache), false)
 9 FCPATH\index.php(67): CodeIgniter\CodeIgniter->run()
10 SYSTEMPATH\Commands\Server\rewrite.php(46): require_once('FCPATH\\index.php')
CRITICAL - 2022-11-13 09:03:00 --> Undefined array key "siswa_foto"
in APPPATH\Views\admin\view_siswa.php on line 225.
 1 APPPATH\Views\admin\view_siswa.php(225): CodeIgniter\Debug\Exceptions->errorHandler(2, 'Undefined array key "siswa_foto"', 'APPPATH\\Views\\admin\\view_siswa.php', 225)
 2 SYSTEMPATH\View\View.php(213): include('APPPATH\\Views\\admin\\view_siswa.php')
 3 SYSTEMPATH\View\View.php(216): CodeIgniter\View\View->CodeIgniter\View\{closure}()
 4 SYSTEMPATH\Common.php(1134): CodeIgniter\View\View->render('admin/view_siswa', [], true)
 5 APPPATH\Controllers\Siswa.php(26): view('admin/view_siswa', [...])
 6 SYSTEMPATH\CodeIgniter.php(927): App\Controllers\Siswa->index()
 7 SYSTEMPATH\CodeIgniter.php(482): CodeIgniter\CodeIgniter->runController(Object(App\Controllers\Siswa))
 8 SYSTEMPATH\CodeIgniter.php(351): CodeIgniter\CodeIgniter->handleRequest(null, Object(Config\Cache), false)
 9 FCPATH\index.php(67): CodeIgniter\CodeIgniter->run()
10 SYSTEMPATH\Commands\Server\rewrite.php(46): require_once('FCPATH\\index.php')
CRITICAL - 2022-11-13 09:05:06 --> Undefined array key "siswa_foto"
in APPPATH\Views\admin\view_siswa.php on line 225.
 1 APPPATH\Views\admin\view_siswa.php(225): CodeIgniter\Debug\Exceptions->errorHandler(2, 'Undefined array key "siswa_foto"', 'APPPATH\\Views\\admin\\view_siswa.php', 225)
 2 SYSTEMPATH\View\View.php(213): include('APPPATH\\Views\\admin\\view_siswa.php')
 3 SYSTEMPATH\View\View.php(216): CodeIgniter\View\View->CodeIgniter\View\{closure}()
 4 SYSTEMPATH\Common.php(1134): CodeIgniter\View\View->render('admin/view_siswa', [], true)
 5 APPPATH\Controllers\Siswa.php(26): view('admin/view_siswa', [...])
 6 SYSTEMPATH\CodeIgniter.php(927): App\Controllers\Siswa->index()
 7 SYSTEMPATH\CodeIgniter.php(482): CodeIgniter\CodeIgniter->runController(Object(App\Controllers\Siswa))
 8 SYSTEMPATH\CodeIgniter.php(351): CodeIgniter\CodeIgniter->handleRequest(null, Object(Config\Cache), false)
 9 FCPATH\index.php(67): CodeIgniter\CodeIgniter->run()
10 SYSTEMPATH\Commands\Server\rewrite.php(46): require_once('FCPATH\\index.php')
CRITICAL - 2022-11-13 09:05:11 --> Undefined array key "siswa_foto"
in APPPATH\Views\admin\view_siswa.php on line 225.
 1 APPPATH\Views\admin\view_siswa.php(225): CodeIgniter\Debug\Exceptions->errorHandler(2, 'Undefined array key "siswa_foto"', 'APPPATH\\Views\\admin\\view_siswa.php', 225)
 2 SYSTEMPATH\View\View.php(213): include('APPPATH\\Views\\admin\\view_siswa.php')
 3 SYSTEMPATH\View\View.php(216): CodeIgniter\View\View->CodeIgniter\View\{closure}()
 4 SYSTEMPATH\Common.php(1134): CodeIgniter\View\View->render('admin/view_siswa', [], true)
 5 APPPATH\Controllers\Siswa.php(26): view('admin/view_siswa', [...])
 6 SYSTEMPATH\CodeIgniter.php(927): App\Controllers\Siswa->index()
 7 SYSTEMPATH\CodeIgniter.php(482): CodeIgniter\CodeIgniter->runController(Object(App\Controllers\Siswa))
 8 SYSTEMPATH\CodeIgniter.php(351): CodeIgniter\CodeIgniter->handleRequest(null, Object(Config\Cache), false)
 9 FCPATH\index.php(67): CodeIgniter\CodeIgniter->run()
10 SYSTEMPATH\Commands\Server\rewrite.php(46): require_once('FCPATH\\index.php')
CRITICAL - 2022-11-13 09:05:24 --> Undefined array key "siswa_foto"
in APPPATH\Views\admin\view_siswa.php on line 225.
 1 APPPATH\Views\admin\view_siswa.php(225): CodeIgniter\Debug\Exceptions->errorHandler(2, 'Undefined array key "siswa_foto"', 'APPPATH\\Views\\admin\\view_siswa.php', 225)
 2 SYSTEMPATH\View\View.php(213): include('APPPATH\\Views\\admin\\view_siswa.php')
 3 SYSTEMPATH\View\View.php(216): CodeIgniter\View\View->CodeIgniter\View\{closure}()
 4 SYSTEMPATH\Common.php(1134): CodeIgniter\View\View->render('admin/view_siswa', [], true)
 5 APPPATH\Controllers\Siswa.php(26): view('admin/view_siswa', [...])
 6 SYSTEMPATH\CodeIgniter.php(927): App\Controllers\Siswa->index()
 7 SYSTEMPATH\CodeIgniter.php(482): CodeIgniter\CodeIgniter->runController(Object(App\Controllers\Siswa))
 8 SYSTEMPATH\CodeIgniter.php(351): CodeIgniter\CodeIgniter->handleRequest(null, Object(Config\Cache), false)
 9 FCPATH\index.php(67): CodeIgniter\CodeIgniter->run()
10 SYSTEMPATH\Commands\Server\rewrite.php(46): require_once('FCPATH\\index.php')
CRITICAL - 2022-11-13 09:47:49 --> Undefined array key "siswa_foto"
in APPPATH\Views\admin\view_siswa.php on line 225.
 1 APPPATH\Views\admin\view_siswa.php(225): CodeIgniter\Debug\Exceptions->errorHandler(2, 'Undefined array key "siswa_foto"', 'APPPATH\\Views\\admin\\view_siswa.php', 225)
 2 SYSTEMPATH\View\View.php(213): include('APPPATH\\Views\\admin\\view_siswa.php')
 3 SYSTEMPATH\View\View.php(216): CodeIgniter\View\View->CodeIgniter\View\{closure}()
 4 SYSTEMPATH\Common.php(1134): CodeIgniter\View\View->render('admin/view_siswa', [], true)
 5 APPPATH\Controllers\Siswa.php(26): view('admin/view_siswa', [...])
 6 SYSTEMPATH\CodeIgniter.php(927): App\Controllers\Siswa->index()
 7 SYSTEMPATH\CodeIgniter.php(482): CodeIgniter\CodeIgniter->runController(Object(App\Controllers\Siswa))
 8 SYSTEMPATH\CodeIgniter.php(351): CodeIgniter\CodeIgniter->handleRequest(null, Object(Config\Cache), false)
 9 FCPATH\index.php(67): CodeIgniter\CodeIgniter->run()
10 SYSTEMPATH\Commands\Server\rewrite.php(46): require_once('FCPATH\\index.php')
CRITICAL - 2022-11-13 09:50:12 --> Undefined array key "siswa_foto"
in APPPATH\Views\admin\view_siswa.php on line 223.
 1 APPPATH\Views\admin\view_siswa.php(223): CodeIgniter\Debug\Exceptions->errorHandler(2, 'Undefined array key "siswa_foto"', 'APPPATH\\Views\\admin\\view_siswa.php', 223)
 2 SYSTEMPATH\View\View.php(213): include('APPPATH\\Views\\admin\\view_siswa.php')
 3 SYSTEMPATH\View\View.php(216): CodeIgniter\View\View->CodeIgniter\View\{closure}()
 4 SYSTEMPATH\Common.php(1134): CodeIgniter\View\View->render('admin/view_siswa', [], true)
 5 APPPATH\Controllers\Siswa.php(26): view('admin/view_siswa', [...])
 6 SYSTEMPATH\CodeIgniter.php(927): App\Controllers\Siswa->index()
 7 SYSTEMPATH\CodeIgniter.php(482): CodeIgniter\CodeIgniter->runController(Object(App\Controllers\Siswa))
 8 SYSTEMPATH\CodeIgniter.php(351): CodeIgniter\CodeIgniter->handleRequest(null, Object(Config\Cache), false)
 9 FCPATH\index.php(67): CodeIgniter\CodeIgniter->run()
10 SYSTEMPATH\Commands\Server\rewrite.php(46): require_once('FCPATH\\index.php')
CRITICAL - 2022-11-13 09:52:10 --> Undefined array key "siswa_foto"
in APPPATH\Views\admin\view_siswa.php on line 225.
 1 APPPATH\Views\admin\view_siswa.php(225): CodeIgniter\Debug\Exceptions->errorHandler(2, 'Undefined array key "siswa_foto"', 'APPPATH\\Views\\admin\\view_siswa.php', 225)
 2 SYSTEMPATH\View\View.php(213): include('APPPATH\\Views\\admin\\view_siswa.php')
 3 SYSTEMPATH\View\View.php(216): CodeIgniter\View\View->CodeIgniter\View\{closure}()
 4 SYSTEMPATH\Common.php(1134): CodeIgniter\View\View->render('admin/view_siswa', [], true)
 5 APPPATH\Controllers\Siswa.php(26): view('admin/view_siswa', [...])
 6 SYSTEMPATH\CodeIgniter.php(927): App\Controllers\Siswa->index()
 7 SYSTEMPATH\CodeIgniter.php(482): CodeIgniter\CodeIgniter->runController(Object(App\Controllers\Siswa))
 8 SYSTEMPATH\CodeIgniter.php(351): CodeIgniter\CodeIgniter->handleRequest(null, Object(Config\Cache), false)
 9 FCPATH\index.php(67): CodeIgniter\CodeIgniter->run()
10 SYSTEMPATH\Commands\Server\rewrite.php(46): require_once('FCPATH\\index.php')
ERROR - 2022-11-13 09:55:01 --> mysqli_sql_exception: Cannot add or update a child row: a foreign key constraint fails (`sistem_absensi`.`tb_siswa`, CONSTRAINT `tb_siswa_ibfk_2` FOREIGN KEY (`siswa_id_kelas`) REFERENCES `tb_kelas` (`kelas_id`)) in C:\xampp\htdocs\sistem_absensi\vendor\codeigniter4\framework\system\Database\MySQLi\Connection.php:292
Stack trace:
#0 C:\xampp\htdocs\sistem_absensi\vendor\codeigniter4\framework\system\Database\MySQLi\Connection.php(292): mysqli->query('UPDATE `tb_sisw...', 0)
#1 C:\xampp\htdocs\sistem_absensi\vendor\codeigniter4\framework\system\Database\BaseConnection.php(666): CodeIgniter\Database\MySQLi\Connection->execute('UPDATE `tb_sisw...')
#2 C:\xampp\htdocs\sistem_absensi\vendor\codeigniter4\framework\system\Database\BaseConnection.php(593): CodeIgniter\Database\BaseConnection->simpleQuery('UPDATE `tb_sisw...')
#3 C:\xampp\htdocs\sistem_absensi\vendor\codeigniter4\framework\system\Database\BaseBuilder.php(2079): CodeIgniter\Database\BaseConnection->query('UPDATE `tb_sisw...', Array, false)
#4 C:\xampp\htdocs\sistem_absensi\vendor\codeigniter4\framework\system\Model.php(338): CodeIgniter\Database\BaseBuilder->update()
#5 C:\xampp\htdocs\sistem_absensi\vendor\codeigniter4\framework\system\BaseModel.php(886): CodeIgniter\Model->doUpdate(Array, Array)
#6 C:\xampp\htdocs\sistem_absensi\vendor\codeigniter4\framework\system\Model.php(693): CodeIgniter\BaseModel->update(Array, Array)
#7 C:\xampp\htdocs\sistem_absensi\app\Controllers\Siswa.php(88): CodeIgniter\Model->update('6', Array)
#8 C:\xampp\htdocs\sistem_absensi\vendor\codeigniter4\framework\system\CodeIgniter.php(927): App\Controllers\Siswa->editData('6')
#9 C:\xampp\htdocs\sistem_absensi\vendor\codeigniter4\framework\system\CodeIgniter.php(482): CodeIgniter\CodeIgniter->runController(Object(App\Controllers\Siswa))
#10 C:\xampp\htdocs\sistem_absensi\vendor\codeigniter4\framework\system\CodeIgniter.php(351): CodeIgniter\CodeIgniter->handleRequest(NULL, Object(Config\Cache), false)
#11 C:\xampp\htdocs\sistem_absensi\public\index.php(67): CodeIgniter\CodeIgniter->run()
#12 C:\xampp\htdocs\sistem_absensi\vendor\codeigniter4\framework\system\Commands\Server\rewrite.php(46): require_once('C:\\xampp\\htdocs...')
#13 {main}
CRITICAL - 2022-11-13 09:55:01 --> Cannot add or update a child row: a foreign key constraint fails (`sistem_absensi`.`tb_siswa`, CONSTRAINT `tb_siswa_ibfk_2` FOREIGN KEY (`siswa_id_kelas`) REFERENCES `tb_kelas` (`kelas_id`))
in SYSTEMPATH\Database\MySQLi\Connection.php on line 292.
 1 SYSTEMPATH\Database\MySQLi\Connection.php(292): mysqli->query('UPDATE `tb_siswa` SET `siswa_id` = \'6\', `siswa_nis` = \'71384721\', `siswa_nama` = \'hares\', `siswa_tempat_lahir` = \'semarang\', `siswa_tgl_lahir` = \'2022-11-13\', `siswa_jk` = \'\', `siswa_alamat` = \'ngaaaaaaaaaaak\', `siswa_th_angkatan` = \'2019\', `siswa_id_kelas` = NULL, `siswa_foto` = \'1668354901_34a8c3396be3e6479079.png\'
WHERE `tb_siswa`.`siswa_id` IN (\'6\')', 0)
 2 SYSTEMPATH\Database\BaseConnection.php(666): CodeIgniter\Database\MySQLi\Connection->execute('UPDATE `tb_siswa` SET `siswa_id` = \'6\', `siswa_nis` = \'71384721\', `siswa_nama` = \'hares\', `siswa_tempat_lahir` = \'semarang\', `siswa_tgl_lahir` = \'2022-11-13\', `siswa_jk` = \'\', `siswa_alamat` = \'ngaaaaaaaaaaak\', `siswa_th_angkatan` = \'2019\', `siswa_id_kelas` = NULL, `siswa_foto` = \'1668354901_34a8c3396be3e6479079.png\'
WHERE `tb_siswa`.`siswa_id` IN (\'6\')')
 3 SYSTEMPATH\Database\BaseConnection.php(593): CodeIgniter\Database\BaseConnection->simpleQuery('UPDATE `tb_siswa` SET `siswa_id` = \'6\', `siswa_nis` = \'71384721\', `siswa_nama` = \'hares\', `siswa_tempat_lahir` = \'semarang\', `siswa_tgl_lahir` = \'2022-11-13\', `siswa_jk` = \'\', `siswa_alamat` = \'ngaaaaaaaaaaak\', `siswa_th_angkatan` = \'2019\', `siswa_id_kelas` = NULL, `siswa_foto` = \'1668354901_34a8c3396be3e6479079.png\'
WHERE `tb_siswa`.`siswa_id` IN (\'6\')')
 4 SYSTEMPATH\Database\BaseBuilder.php(2079): CodeIgniter\Database\BaseConnection->query('UPDATE `tb_siswa` SET `siswa_id` = :siswa_id:, `siswa_nis` = :siswa_nis:, `siswa_nama` = :siswa_nama:, `siswa_tempat_lahir` = :siswa_tempat_lahir:, `siswa_tgl_lahir` = :siswa_tgl_lahir:, `siswa_jk` = :siswa_jk:, `siswa_alamat` = :siswa_alamat:, `siswa_th_angkatan` = :siswa_th_angkatan:, `siswa_id_kelas` = :siswa_id_kelas:, `siswa_foto` = :siswa_foto:
WHERE `tb_siswa`.`siswa_id` IN :tb_siswa.siswa_id:', [...], false)
 5 SYSTEMPATH\Model.php(338): CodeIgniter\Database\BaseBuilder->update()
 6 SYSTEMPATH\BaseModel.php(886): CodeIgniter\Model->doUpdate([...], [...])
 7 SYSTEMPATH\Model.php(693): CodeIgniter\BaseModel->update([...], [...])
 8 APPPATH\Controllers\Siswa.php(88): CodeIgniter\Model->update('6', [...])
 9 SYSTEMPATH\CodeIgniter.php(927): App\Controllers\Siswa->editData('6')
10 SYSTEMPATH\CodeIgniter.php(482): CodeIgniter\CodeIgniter->runController(Object(App\Controllers\Siswa))
11 SYSTEMPATH\CodeIgniter.php(351): CodeIgniter\CodeIgniter->handleRequest(null, Object(Config\Cache), false)
12 FCPATH\index.php(67): CodeIgniter\CodeIgniter->run()
13 SYSTEMPATH\Commands\Server\rewrite.php(46): require_once('FCPATH\\index.php')
CRITICAL - 2022-11-13 09:58:14 --> unlink(./foto_siswa/1668351780_cfbe421b1ffa46bd64dc.png): No such file or directory
in APPPATH\Controllers\Siswa.php on line 72.
 1 [internal function]: CodeIgniter\Debug\Exceptions->errorHandler(2, 'unlink(./foto_siswa/1668351780_cfbe421b1ffa46bd64dc.png): No such file or directory', 'APPPATH\\Controllers\\Siswa.php', 72)
 2 APPPATH\Controllers\Siswa.php(72): unlink('./foto_siswa/1668351780_cfbe421b1ffa46bd64dc.png')
 3 SYSTEMPATH\CodeIgniter.php(927): App\Controllers\Siswa->editData('6')
 4 SYSTEMPATH\CodeIgniter.php(482): CodeIgniter\CodeIgniter->runController(Object(App\Controllers\Siswa))
 5 SYSTEMPATH\CodeIgniter.php(351): CodeIgniter\CodeIgniter->handleRequest(null, Object(Config\Cache), false)
 6 FCPATH\index.php(67): CodeIgniter\CodeIgniter->run()
 7 SYSTEMPATH\Commands\Server\rewrite.php(46): require_once('FCPATH\\index.php')
ERROR - 2022-11-13 10:01:19 --> mysqli_sql_exception: Cannot add or update a child row: a foreign key constraint fails (`sistem_absensi`.`tb_siswa`, CONSTRAINT `tb_siswa_ibfk_2` FOREIGN KEY (`siswa_id_kelas`) REFERENCES `tb_kelas` (`kelas_id`)) in C:\xampp\htdocs\sistem_absensi\vendor\codeigniter4\framework\system\Database\MySQLi\Connection.php:292
Stack trace:
#0 C:\xampp\htdocs\sistem_absensi\vendor\codeigniter4\framework\system\Database\MySQLi\Connection.php(292): mysqli->query('UPDATE `tb_sisw...', 0)
#1 C:\xampp\htdocs\sistem_absensi\vendor\codeigniter4\framework\system\Database\BaseConnection.php(666): CodeIgniter\Database\MySQLi\Connection->execute('UPDATE `tb_sisw...')
#2 C:\xampp\htdocs\sistem_absensi\vendor\codeigniter4\framework\system\Database\BaseConnection.php(593): CodeIgniter\Database\BaseConnection->simpleQuery('UPDATE `tb_sisw...')
#3 C:\xampp\htdocs\sistem_absensi\vendor\codeigniter4\framework\system\Database\BaseBuilder.php(2079): CodeIgniter\Database\BaseConnection->query('UPDATE `tb_sisw...', Array, false)
#4 C:\xampp\htdocs\sistem_absensi\vendor\codeigniter4\framework\system\Model.php(338): CodeIgniter\Database\BaseBuilder->update()
#5 C:\xampp\htdocs\sistem_absensi\vendor\codeigniter4\framework\system\BaseModel.php(886): CodeIgniter\Model->doUpdate(Array, Array)
#6 C:\xampp\htdocs\sistem_absensi\vendor\codeigniter4\framework\system\Model.php(693): CodeIgniter\BaseModel->update(Array, Array)
#7 C:\xampp\htdocs\sistem_absensi\app\Controllers\Siswa.php(93): CodeIgniter\Model->update('6', Array)
#8 C:\xampp\htdocs\sistem_absensi\vendor\codeigniter4\framework\system\CodeIgniter.php(927): App\Controllers\Siswa->editData('6')
#9 C:\xampp\htdocs\sistem_absensi\vendor\codeigniter4\framework\system\CodeIgniter.php(482): CodeIgniter\CodeIgniter->runController(Object(App\Controllers\Siswa))
#10 C:\xampp\htdocs\sistem_absensi\vendor\codeigniter4\framework\system\CodeIgniter.php(351): CodeIgniter\CodeIgniter->handleRequest(NULL, Object(Config\Cache), false)
#11 C:\xampp\htdocs\sistem_absensi\public\index.php(67): CodeIgniter\CodeIgniter->run()
#12 C:\xampp\htdocs\sistem_absensi\vendor\codeigniter4\framework\system\Commands\Server\rewrite.php(46): require_once('C:\\xampp\\htdocs...')
#13 {main}
CRITICAL - 2022-11-13 10:01:19 --> Cannot add or update a child row: a foreign key constraint fails (`sistem_absensi`.`tb_siswa`, CONSTRAINT `tb_siswa_ibfk_2` FOREIGN KEY (`siswa_id_kelas`) REFERENCES `tb_kelas` (`kelas_id`))
in SYSTEMPATH\Database\MySQLi\Connection.php on line 292.
 1 SYSTEMPATH\Database\MySQLi\Connection.php(292): mysqli->query('UPDATE `tb_siswa` SET `siswa_id` = \'6\', `siswa_nis` = \'71384721\', `siswa_nama` = \'hares\', `siswa_tempat_lahir` = \'semarang\', `siswa_tgl_lahir` = \'2022-11-13\', `siswa_jk` = \'\', `siswa_alamat` = \'ngaaaaaaaaaaak\', `siswa_th_angkatan` = \'2019\', `siswa_id_kelas` = NULL, `siswa_foto` = \'1668355279_01b38645c41513be2176.png\'
WHERE `tb_siswa`.`siswa_id` IN (\'6\')', 0)
 2 SYSTEMPATH\Database\BaseConnection.php(666): CodeIgniter\Database\MySQLi\Connection->execute('UPDATE `tb_siswa` SET `siswa_id` = \'6\', `siswa_nis` = \'71384721\', `siswa_nama` = \'hares\', `siswa_tempat_lahir` = \'semarang\', `siswa_tgl_lahir` = \'2022-11-13\', `siswa_jk` = \'\', `siswa_alamat` = \'ngaaaaaaaaaaak\', `siswa_th_angkatan` = \'2019\', `siswa_id_kelas` = NULL, `siswa_foto` = \'1668355279_01b38645c41513be2176.png\'
WHERE `tb_siswa`.`siswa_id` IN (\'6\')')
 3 SYSTEMPATH\Database\BaseConnection.php(593): CodeIgniter\Database\BaseConnection->simpleQuery('UPDATE `tb_siswa` SET `siswa_id` = \'6\', `siswa_nis` = \'71384721\', `siswa_nama` = \'hares\', `siswa_tempat_lahir` = \'semarang\', `siswa_tgl_lahir` = \'2022-11-13\', `siswa_jk` = \'\', `siswa_alamat` = \'ngaaaaaaaaaaak\', `siswa_th_angkatan` = \'2019\', `siswa_id_kelas` = NULL, `siswa_foto` = \'1668355279_01b38645c41513be2176.png\'
WHERE `tb_siswa`.`siswa_id` IN (\'6\')')
 4 SYSTEMPATH\Database\BaseBuilder.php(2079): CodeIgniter\Database\BaseConnection->query('UPDATE `tb_siswa` SET `siswa_id` = :siswa_id:, `siswa_nis` = :siswa_nis:, `siswa_nama` = :siswa_nama:, `siswa_tempat_lahir` = :siswa_tempat_lahir:, `siswa_tgl_lahir` = :siswa_tgl_lahir:, `siswa_jk` = :siswa_jk:, `siswa_alamat` = :siswa_alamat:, `siswa_th_angkatan` = :siswa_th_angkatan:, `siswa_id_kelas` = :siswa_id_kelas:, `siswa_foto` = :siswa_foto:
WHERE `tb_siswa`.`siswa_id` IN :tb_siswa.siswa_id:', [...], false)
 5 SYSTEMPATH\Model.php(338): CodeIgniter\Database\BaseBuilder->update()
 6 SYSTEMPATH\BaseModel.php(886): CodeIgniter\Model->doUpdate([...], [...])
 7 SYSTEMPATH\Model.php(693): CodeIgniter\BaseModel->update([...], [...])
 8 APPPATH\Controllers\Siswa.php(93): CodeIgniter\Model->update('6', [...])
 9 SYSTEMPATH\CodeIgniter.php(927): App\Controllers\Siswa->editData('6')
10 SYSTEMPATH\CodeIgniter.php(482): CodeIgniter\CodeIgniter->runController(Object(App\Controllers\Siswa))
11 SYSTEMPATH\CodeIgniter.php(351): CodeIgniter\CodeIgniter->handleRequest(null, Object(Config\Cache), false)
12 FCPATH\index.php(67): CodeIgniter\CodeIgniter->run()
13 SYSTEMPATH\Commands\Server\rewrite.php(46): require_once('FCPATH\\index.php')
ERROR - 2022-11-13 10:02:50 --> mysqli_sql_exception: Cannot add or update a child row: a foreign key constraint fails (`sistem_absensi`.`tb_siswa`, CONSTRAINT `tb_siswa_ibfk_2` FOREIGN KEY (`siswa_id_kelas`) REFERENCES `tb_kelas` (`kelas_id`)) in C:\xampp\htdocs\sistem_absensi\vendor\codeigniter4\framework\system\Database\MySQLi\Connection.php:292
Stack trace:
#0 C:\xampp\htdocs\sistem_absensi\vendor\codeigniter4\framework\system\Database\MySQLi\Connection.php(292): mysqli->query('UPDATE `tb_sisw...', 0)
#1 C:\xampp\htdocs\sistem_absensi\vendor\codeigniter4\framework\system\Database\BaseConnection.php(666): CodeIgniter\Database\MySQLi\Connection->execute('UPDATE `tb_sisw...')
#2 C:\xampp\htdocs\sistem_absensi\vendor\codeigniter4\framework\system\Database\BaseConnection.php(593): CodeIgniter\Database\BaseConnection->simpleQuery('UPDATE `tb_sisw...')
#3 C:\xampp\htdocs\sistem_absensi\vendor\codeigniter4\framework\system\Database\BaseBuilder.php(2079): CodeIgniter\Database\BaseConnection->query('UPDATE `tb_sisw...', Array, false)
#4 C:\xampp\htdocs\sistem_absensi\vendor\codeigniter4\framework\system\Model.php(338): CodeIgniter\Database\BaseBuilder->update()
#5 C:\xampp\htdocs\sistem_absensi\vendor\codeigniter4\framework\system\BaseModel.php(886): CodeIgniter\Model->doUpdate(Array, Array)
#6 C:\xampp\htdocs\sistem_absensi\vendor\codeigniter4\framework\system\Model.php(693): CodeIgniter\BaseModel->update(Array, Array)
#7 C:\xampp\htdocs\sistem_absensi\app\Controllers\Siswa.php(93): CodeIgniter\Model->update('6', Array)
#8 C:\xampp\htdocs\sistem_absensi\vendor\codeigniter4\framework\system\CodeIgniter.php(927): App\Controllers\Siswa->editData('6')
#9 C:\xampp\htdocs\sistem_absensi\vendor\codeigniter4\framework\system\CodeIgniter.php(482): CodeIgniter\CodeIgniter->runController(Object(App\Controllers\Siswa))
#10 C:\xampp\htdocs\sistem_absensi\vendor\codeigniter4\framework\system\CodeIgniter.php(351): CodeIgniter\CodeIgniter->handleRequest(NULL, Object(Config\Cache), false)
#11 C:\xampp\htdocs\sistem_absensi\public\index.php(67): CodeIgniter\CodeIgniter->run()
#12 C:\xampp\htdocs\sistem_absensi\vendor\codeigniter4\framework\system\Commands\Server\rewrite.php(46): require_once('C:\\xampp\\htdocs...')
#13 {main}
CRITICAL - 2022-11-13 10:02:50 --> Cannot add or update a child row: a foreign key constraint fails (`sistem_absensi`.`tb_siswa`, CONSTRAINT `tb_siswa_ibfk_2` FOREIGN KEY (`siswa_id_kelas`) REFERENCES `tb_kelas` (`kelas_id`))
in SYSTEMPATH\Database\MySQLi\Connection.php on line 292.
 1 SYSTEMPATH\Database\MySQLi\Connection.php(292): mysqli->query('UPDATE `tb_siswa` SET `siswa_id` = \'6\', `siswa_nis` = \'71384721\', `siswa_nama` = \'hares\', `siswa_tempat_lahir` = \'semarang\', `siswa_tgl_lahir` = \'2022-11-13\', `siswa_jk` = \'\', `siswa_alamat` = \'ngaaaaaaaaaaak\', `siswa_th_angkatan` = \'2019\', `siswa_id_kelas` = NULL, `siswa_foto` = \'1668355370_872f09753db24b729c2c.png\'
WHERE `tb_siswa`.`siswa_id` IN (\'6\')', 0)
 2 SYSTEMPATH\Database\BaseConnection.php(666): CodeIgniter\Database\MySQLi\Connection->execute('UPDATE `tb_siswa` SET `siswa_id` = \'6\', `siswa_nis` = \'71384721\', `siswa_nama` = \'hares\', `siswa_tempat_lahir` = \'semarang\', `siswa_tgl_lahir` = \'2022-11-13\', `siswa_jk` = \'\', `siswa_alamat` = \'ngaaaaaaaaaaak\', `siswa_th_angkatan` = \'2019\', `siswa_id_kelas` = NULL, `siswa_foto` = \'1668355370_872f09753db24b729c2c.png\'
WHERE `tb_siswa`.`siswa_id` IN (\'6\')')
 3 SYSTEMPATH\Database\BaseConnection.php(593): CodeIgniter\Database\BaseConnection->simpleQuery('UPDATE `tb_siswa` SET `siswa_id` = \'6\', `siswa_nis` = \'71384721\', `siswa_nama` = \'hares\', `siswa_tempat_lahir` = \'semarang\', `siswa_tgl_lahir` = \'2022-11-13\', `siswa_jk` = \'\', `siswa_alamat` = \'ngaaaaaaaaaaak\', `siswa_th_angkatan` = \'2019\', `siswa_id_kelas` = NULL, `siswa_foto` = \'1668355370_872f09753db24b729c2c.png\'
WHERE `tb_siswa`.`siswa_id` IN (\'6\')')
 4 SYSTEMPATH\Database\BaseBuilder.php(2079): CodeIgniter\Database\BaseConnection->query('UPDATE `tb_siswa` SET `siswa_id` = :siswa_id:, `siswa_nis` = :siswa_nis:, `siswa_nama` = :siswa_nama:, `siswa_tempat_lahir` = :siswa_tempat_lahir:, `siswa_tgl_lahir` = :siswa_tgl_lahir:, `siswa_jk` = :siswa_jk:, `siswa_alamat` = :siswa_alamat:, `siswa_th_angkatan` = :siswa_th_angkatan:, `siswa_id_kelas` = :siswa_id_kelas:, `siswa_foto` = :siswa_foto:
WHERE `tb_siswa`.`siswa_id` IN :tb_siswa.siswa_id:', [...], false)
 5 SYSTEMPATH\Model.php(338): CodeIgniter\Database\BaseBuilder->update()
 6 SYSTEMPATH\BaseModel.php(886): CodeIgniter\Model->doUpdate([...], [...])
 7 SYSTEMPATH\Model.php(693): CodeIgniter\BaseModel->update([...], [...])
 8 APPPATH\Controllers\Siswa.php(93): CodeIgniter\Model->update('6', [...])
 9 SYSTEMPATH\CodeIgniter.php(927): App\Controllers\Siswa->editData('6')
10 SYSTEMPATH\CodeIgniter.php(482): CodeIgniter\CodeIgniter->runController(Object(App\Controllers\Siswa))
11 SYSTEMPATH\CodeIgniter.php(351): CodeIgniter\CodeIgniter->handleRequest(null, Object(Config\Cache), false)
12 FCPATH\index.php(67): CodeIgniter\CodeIgniter->run()
13 SYSTEMPATH\Commands\Server\rewrite.php(46): require_once('FCPATH\\index.php')
