CRITICAL - 2022-11-20 06:14:58 --> Undefined variable $totjurusan
in APPPATH\Views\v_home.php on line 9.
 1 APPPATH\Views\v_home.php(9): CodeIgniter\Debug\Exceptions->errorHandler(2, 'Undefined variable $totjurusan', 'APPPATH\\Views\\v_home.php', 9)
 2 SYSTEMPATH\View\View.php(213): include('APPPATH\\Views\\v_home.php')
 3 SYSTEMPATH\View\View.php(216): CodeIgniter\View\View->CodeIgniter\View\{closure}()
 4 SYSTEMPATH\Common.php(1134): CodeIgniter\View\View->render('v_home', [], true)
 5 APPPATH\Controllers\Home.php(13): view('v_home', [...])
 6 SYSTEMPATH\CodeIgniter.php(927): App\Controllers\Home->index()
 7 SYSTEMPATH\CodeIgniter.php(482): CodeIgniter\CodeIgniter->runController(Object(App\Controllers\Home))
 8 SYSTEMPATH\CodeIgniter.php(351): CodeIgniter\CodeIgniter->handleRequest(null, Object(Config\Cache), false)
 9 FCPATH\index.php(67): CodeIgniter\CodeIgniter->run()
10 SYSTEMPATH\Commands\Server\rewrite.php(46): require_once('FCPATH\\index.php')
CRITICAL - 2022-11-20 06:32:53 --> Undefined variable $value
in APPPATH\Views\admin\view_siswa.php on line 43.
 1 APPPATH\Views\admin\view_siswa.php(43): CodeIgniter\Debug\Exceptions->errorHandler(2, 'Undefined variable $value', 'APPPATH\\Views\\admin\\view_siswa.php', 43)
 2 SYSTEMPATH\View\View.php(213): include('APPPATH\\Views\\admin\\view_siswa.php')
 3 SYSTEMPATH\View\View.php(216): CodeIgniter\View\View->CodeIgniter\View\{closure}()
 4 SYSTEMPATH\Common.php(1134): CodeIgniter\View\View->render('admin/view_siswa', [], true)
 5 APPPATH\Controllers\Siswa.php(27): view('admin/view_siswa', [...])
 6 SYSTEMPATH\CodeIgniter.php(927): App\Controllers\Siswa->index()
 7 SYSTEMPATH\CodeIgniter.php(482): CodeIgniter\CodeIgniter->runController(Object(App\Controllers\Siswa))
 8 SYSTEMPATH\CodeIgniter.php(351): CodeIgniter\CodeIgniter->handleRequest(null, Object(Config\Cache), false)
 9 FCPATH\index.php(67): CodeIgniter\CodeIgniter->run()
10 SYSTEMPATH\Commands\Server\rewrite.php(46): require_once('FCPATH\\index.php')
