CRITICAL - 2022-11-28 06:58:15 --> Trying to access array offset on value of type null
in APPPATH\Views\template\t_admin.php on line 108.
 1 APPPATH\Views\template\t_admin.php(108): CodeIgniter\Debug\Exceptions->errorHandler(2, 'Trying to access array offset on value of type null', 'APPPATH\\Views\\template\\t_admin.php', 108)
 2 SYSTEMPATH\View\View.php(213): include('APPPATH\\Views\\template\\t_admin.php')
 3 SYSTEMPATH\View\View.php(216): CodeIgniter\View\View->CodeIgniter\View\{closure}()
 4 SYSTEMPATH\Common.php(1134): CodeIgniter\View\View->render('template/t_admin', [], true)
 5 APPPATH\Controllers\Home.php(13): view('template/t_admin', [...])
 6 SYSTEMPATH\CodeIgniter.php(927): App\Controllers\Home->index()
 7 SYSTEMPATH\CodeIgniter.php(482): CodeIgniter\CodeIgniter->runController(Object(App\Controllers\Home))
 8 SYSTEMPATH\CodeIgniter.php(351): CodeIgniter\CodeIgniter->handleRequest(null, Object(Config\Cache), false)
 9 FCPATH\index.php(67): CodeIgniter\CodeIgniter->run()
10 SYSTEMPATH\Commands\Server\rewrite.php(46): require_once('FCPATH\\index.php')
CRITICAL - 2022-11-28 07:02:36 --> Trying to access array offset on value of type null
in APPPATH\Views\template\t_admin.php on line 108.
 1 APPPATH\Views\template\t_admin.php(108): CodeIgniter\Debug\Exceptions->errorHandler(2, 'Trying to access array offset on value of type null', 'APPPATH\\Views\\template\\t_admin.php', 108)
 2 SYSTEMPATH\View\View.php(213): include('APPPATH\\Views\\template\\t_admin.php')
 3 SYSTEMPATH\View\View.php(216): CodeIgniter\View\View->CodeIgniter\View\{closure}()
 4 SYSTEMPATH\Common.php(1134): CodeIgniter\View\View->render('template/t_admin', [], true)
 5 APPPATH\Controllers\Home.php(13): view('template/t_admin', [...])
 6 SYSTEMPATH\CodeIgniter.php(927): App\Controllers\Home->index()
 7 SYSTEMPATH\CodeIgniter.php(482): CodeIgniter\CodeIgniter->runController(Object(App\Controllers\Home))
 8 SYSTEMPATH\CodeIgniter.php(351): CodeIgniter\CodeIgniter->handleRequest(null, Object(Config\Cache), false)
 9 FCPATH\index.php(67): CodeIgniter\CodeIgniter->run()
10 SYSTEMPATH\Commands\Server\rewrite.php(46): require_once('FCPATH\\index.php')
CRITICAL - 2022-11-28 07:03:28 --> Trying to access array offset on value of type null
in APPPATH\Views\template\t_admin.php on line 108.
 1 APPPATH\Views\template\t_admin.php(108): CodeIgniter\Debug\Exceptions->errorHandler(2, 'Trying to access array offset on value of type null', 'APPPATH\\Views\\template\\t_admin.php', 108)
 2 SYSTEMPATH\View\View.php(213): include('APPPATH\\Views\\template\\t_admin.php')
 3 SYSTEMPATH\View\View.php(216): CodeIgniter\View\View->CodeIgniter\View\{closure}()
 4 SYSTEMPATH\Common.php(1134): CodeIgniter\View\View->render('template/t_admin', [], true)
 5 APPPATH\Controllers\Home.php(13): view('template/t_admin', [...])
 6 SYSTEMPATH\CodeIgniter.php(927): App\Controllers\Home->index()
 7 SYSTEMPATH\CodeIgniter.php(482): CodeIgniter\CodeIgniter->runController(Object(App\Controllers\Home))
 8 SYSTEMPATH\CodeIgniter.php(351): CodeIgniter\CodeIgniter->handleRequest(null, Object(Config\Cache), false)
 9 FCPATH\index.php(67): CodeIgniter\CodeIgniter->run()
10 SYSTEMPATH\Commands\Server\rewrite.php(46): require_once('FCPATH\\index.php')
CRITICAL - 2022-11-28 07:33:22 --> Trying to access array offset on value of type null
in APPPATH\Views\template\t_admin.php on line 108.
 1 APPPATH\Views\template\t_admin.php(108): CodeIgniter\Debug\Exceptions->errorHandler(2, 'Trying to access array offset on value of type null', 'APPPATH\\Views\\template\\t_admin.php', 108)
 2 SYSTEMPATH\View\View.php(213): include('APPPATH\\Views\\template\\t_admin.php')
 3 SYSTEMPATH\View\View.php(216): CodeIgniter\View\View->CodeIgniter\View\{closure}()
 4 SYSTEMPATH\View\View.php(229): CodeIgniter\View\View->render('template/t_admin', [], true)
 5 SYSTEMPATH\Common.php(1134): CodeIgniter\View\View->render('v_home', [], true)
 6 APPPATH\Controllers\Home.php(13): view('v_home', [...])
 7 SYSTEMPATH\CodeIgniter.php(927): App\Controllers\Home->index()
 8 SYSTEMPATH\CodeIgniter.php(482): CodeIgniter\CodeIgniter->runController(Object(App\Controllers\Home))
 9 SYSTEMPATH\CodeIgniter.php(351): CodeIgniter\CodeIgniter->handleRequest(null, Object(Config\Cache), false)
10 FCPATH\index.php(67): CodeIgniter\CodeIgniter->run()
11 SYSTEMPATH\Commands\Server\rewrite.php(46): require_once('FCPATH\\index.php')
CRITICAL - 2022-11-28 07:41:03 --> Trying to access array offset on value of type null
in APPPATH\Views\template\t_admin.php on line 108.
 1 APPPATH\Views\template\t_admin.php(108): CodeIgniter\Debug\Exceptions->errorHandler(2, 'Trying to access array offset on value of type null', 'APPPATH\\Views\\template\\t_admin.php', 108)
 2 SYSTEMPATH\View\View.php(213): include('APPPATH\\Views\\template\\t_admin.php')
 3 SYSTEMPATH\View\View.php(216): CodeIgniter\View\View->CodeIgniter\View\{closure}()
 4 SYSTEMPATH\View\View.php(229): CodeIgniter\View\View->render('template/t_admin', [], true)
 5 SYSTEMPATH\Common.php(1134): CodeIgniter\View\View->render('v_home', [], true)
 6 APPPATH\Controllers\Home.php(13): view('v_home', [...])
 7 SYSTEMPATH\CodeIgniter.php(927): App\Controllers\Home->index()
 8 SYSTEMPATH\CodeIgniter.php(482): CodeIgniter\CodeIgniter->runController(Object(App\Controllers\Home))
 9 SYSTEMPATH\CodeIgniter.php(351): CodeIgniter\CodeIgniter->handleRequest(null, Object(Config\Cache), false)
10 FCPATH\index.php(67): CodeIgniter\CodeIgniter->run()
11 SYSTEMPATH\Commands\Server\rewrite.php(46): require_once('FCPATH\\index.php')
ERROR - 2022-11-28 11:03:48 --> mysqli_sql_exception: Cannot add or update a child row: a foreign key constraint fails (`sistem_absensi`.`tb_kelas`, CONSTRAINT `tb_kelas_ibfk_1` FOREIGN KEY (`wali_kelas`) REFERENCES `tb_guru` (`guru_id`)) in C:\xampp\htdocs\sistem_absensi\sistem_absensi\vendor\codeigniter4\framework\system\Database\MySQLi\Connection.php:292
Stack trace:
#0 C:\xampp\htdocs\sistem_absensi\sistem_absensi\vendor\codeigniter4\framework\system\Database\MySQLi\Connection.php(292): mysqli->query('UPDATE `tb_kela...', 0)
#1 C:\xampp\htdocs\sistem_absensi\sistem_absensi\vendor\codeigniter4\framework\system\Database\BaseConnection.php(666): CodeIgniter\Database\MySQLi\Connection->execute('UPDATE `tb_kela...')
#2 C:\xampp\htdocs\sistem_absensi\sistem_absensi\vendor\codeigniter4\framework\system\Database\BaseConnection.php(593): CodeIgniter\Database\BaseConnection->simpleQuery('UPDATE `tb_kela...')
#3 C:\xampp\htdocs\sistem_absensi\sistem_absensi\vendor\codeigniter4\framework\system\Database\BaseBuilder.php(2079): CodeIgniter\Database\BaseConnection->query('UPDATE `tb_kela...', Array, false)
#4 C:\xampp\htdocs\sistem_absensi\sistem_absensi\vendor\codeigniter4\framework\system\Model.php(338): CodeIgniter\Database\BaseBuilder->update()
#5 C:\xampp\htdocs\sistem_absensi\sistem_absensi\vendor\codeigniter4\framework\system\BaseModel.php(886): CodeIgniter\Model->doUpdate(Array, Array)
#6 C:\xampp\htdocs\sistem_absensi\sistem_absensi\vendor\codeigniter4\framework\system\Model.php(693): CodeIgniter\BaseModel->update(Array, Array)
#7 C:\xampp\htdocs\sistem_absensi\sistem_absensi\app\Controllers\Kelas.php(55): CodeIgniter\Model->update('4', Array)
#8 C:\xampp\htdocs\sistem_absensi\sistem_absensi\vendor\codeigniter4\framework\system\CodeIgniter.php(927): App\Controllers\Kelas->editData('4')
#9 C:\xampp\htdocs\sistem_absensi\sistem_absensi\vendor\codeigniter4\framework\system\CodeIgniter.php(482): CodeIgniter\CodeIgniter->runController(Object(App\Controllers\Kelas))
#10 C:\xampp\htdocs\sistem_absensi\sistem_absensi\vendor\codeigniter4\framework\system\CodeIgniter.php(351): CodeIgniter\CodeIgniter->handleRequest(NULL, Object(Config\Cache), false)
#11 C:\xampp\htdocs\sistem_absensi\sistem_absensi\public\index.php(67): CodeIgniter\CodeIgniter->run()
#12 C:\xampp\htdocs\sistem_absensi\sistem_absensi\vendor\codeigniter4\framework\system\Commands\Server\rewrite.php(46): require_once('C:\\xampp\\htdocs...')
#13 {main}
CRITICAL - 2022-11-28 11:03:48 --> Cannot add or update a child row: a foreign key constraint fails (`sistem_absensi`.`tb_kelas`, CONSTRAINT `tb_kelas_ibfk_1` FOREIGN KEY (`wali_kelas`) REFERENCES `tb_guru` (`guru_id`))
in SYSTEMPATH\Database\MySQLi\Connection.php on line 292.
 1 SYSTEMPATH\Database\MySQLi\Connection.php(292): mysqli->query('UPDATE `tb_kelas` SET `kelas_kode` = \'A124\', `kelas_nama` = \'12IPA4\', `kelas_grade` = \'\', `wali_kelas` = \'\', `tahun_ajaran` = \'\'
WHERE `tb_kelas`.`kelas_id` IN (\'4\')', 0)
 2 SYSTEMPATH\Database\BaseConnection.php(666): CodeIgniter\Database\MySQLi\Connection->execute('UPDATE `tb_kelas` SET `kelas_kode` = \'A124\', `kelas_nama` = \'12IPA4\', `kelas_grade` = \'\', `wali_kelas` = \'\', `tahun_ajaran` = \'\'
WHERE `tb_kelas`.`kelas_id` IN (\'4\')')
 3 SYSTEMPATH\Database\BaseConnection.php(593): CodeIgniter\Database\BaseConnection->simpleQuery('UPDATE `tb_kelas` SET `kelas_kode` = \'A124\', `kelas_nama` = \'12IPA4\', `kelas_grade` = \'\', `wali_kelas` = \'\', `tahun_ajaran` = \'\'
WHERE `tb_kelas`.`kelas_id` IN (\'4\')')
 4 SYSTEMPATH\Database\BaseBuilder.php(2079): CodeIgniter\Database\BaseConnection->query('UPDATE `tb_kelas` SET `kelas_kode` = :kelas_kode:, `kelas_nama` = :kelas_nama:, `kelas_grade` = :kelas_grade:, `wali_kelas` = :wali_kelas:, `tahun_ajaran` = :tahun_ajaran:
WHERE `tb_kelas`.`kelas_id` IN :tb_kelas.kelas_id:', [...], false)
 5 SYSTEMPATH\Model.php(338): CodeIgniter\Database\BaseBuilder->update()
 6 SYSTEMPATH\BaseModel.php(886): CodeIgniter\Model->doUpdate([...], [...])
 7 SYSTEMPATH\Model.php(693): CodeIgniter\BaseModel->update([...], [...])
 8 APPPATH\Controllers\Kelas.php(55): CodeIgniter\Model->update('4', [...])
 9 SYSTEMPATH\CodeIgniter.php(927): App\Controllers\Kelas->editData('4')
10 SYSTEMPATH\CodeIgniter.php(482): CodeIgniter\CodeIgniter->runController(Object(App\Controllers\Kelas))
11 SYSTEMPATH\CodeIgniter.php(351): CodeIgniter\CodeIgniter->handleRequest(null, Object(Config\Cache), false)
12 FCPATH\index.php(67): CodeIgniter\CodeIgniter->run()
13 SYSTEMPATH\Commands\Server\rewrite.php(46): require_once('FCPATH\\index.php')
ERROR - 2022-11-28 11:04:18 --> mysqli_sql_exception: Cannot add or update a child row: a foreign key constraint fails (`sistem_absensi`.`tb_kelas`, CONSTRAINT `tb_kelas_ibfk_1` FOREIGN KEY (`wali_kelas`) REFERENCES `tb_guru` (`guru_id`)) in C:\xampp\htdocs\sistem_absensi\sistem_absensi\vendor\codeigniter4\framework\system\Database\MySQLi\Connection.php:292
Stack trace:
#0 C:\xampp\htdocs\sistem_absensi\sistem_absensi\vendor\codeigniter4\framework\system\Database\MySQLi\Connection.php(292): mysqli->query('UPDATE `tb_kela...', 0)
#1 C:\xampp\htdocs\sistem_absensi\sistem_absensi\vendor\codeigniter4\framework\system\Database\BaseConnection.php(666): CodeIgniter\Database\MySQLi\Connection->execute('UPDATE `tb_kela...')
#2 C:\xampp\htdocs\sistem_absensi\sistem_absensi\vendor\codeigniter4\framework\system\Database\BaseConnection.php(593): CodeIgniter\Database\BaseConnection->simpleQuery('UPDATE `tb_kela...')
#3 C:\xampp\htdocs\sistem_absensi\sistem_absensi\vendor\codeigniter4\framework\system\Database\BaseBuilder.php(2079): CodeIgniter\Database\BaseConnection->query('UPDATE `tb_kela...', Array, false)
#4 C:\xampp\htdocs\sistem_absensi\sistem_absensi\vendor\codeigniter4\framework\system\Model.php(338): CodeIgniter\Database\BaseBuilder->update()
#5 C:\xampp\htdocs\sistem_absensi\sistem_absensi\vendor\codeigniter4\framework\system\BaseModel.php(886): CodeIgniter\Model->doUpdate(Array, Array)
#6 C:\xampp\htdocs\sistem_absensi\sistem_absensi\vendor\codeigniter4\framework\system\Model.php(693): CodeIgniter\BaseModel->update(Array, Array)
#7 C:\xampp\htdocs\sistem_absensi\sistem_absensi\app\Controllers\Kelas.php(55): CodeIgniter\Model->update('8', Array)
#8 C:\xampp\htdocs\sistem_absensi\sistem_absensi\vendor\codeigniter4\framework\system\CodeIgniter.php(927): App\Controllers\Kelas->editData('8')
#9 C:\xampp\htdocs\sistem_absensi\sistem_absensi\vendor\codeigniter4\framework\system\CodeIgniter.php(482): CodeIgniter\CodeIgniter->runController(Object(App\Controllers\Kelas))
#10 C:\xampp\htdocs\sistem_absensi\sistem_absensi\vendor\codeigniter4\framework\system\CodeIgniter.php(351): CodeIgniter\CodeIgniter->handleRequest(NULL, Object(Config\Cache), false)
#11 C:\xampp\htdocs\sistem_absensi\sistem_absensi\public\index.php(67): CodeIgniter\CodeIgniter->run()
#12 C:\xampp\htdocs\sistem_absensi\sistem_absensi\vendor\codeigniter4\framework\system\Commands\Server\rewrite.php(46): require_once('C:\\xampp\\htdocs...')
#13 {main}
CRITICAL - 2022-11-28 11:04:18 --> Cannot add or update a child row: a foreign key constraint fails (`sistem_absensi`.`tb_kelas`, CONSTRAINT `tb_kelas_ibfk_1` FOREIGN KEY (`wali_kelas`) REFERENCES `tb_guru` (`guru_id`))
in SYSTEMPATH\Database\MySQLi\Connection.php on line 292.
 1 SYSTEMPATH\Database\MySQLi\Connection.php(292): mysqli->query('UPDATE `tb_kelas` SET `kelas_kode` = \'A122\', `kelas_nama` = \'12IPA2\', `kelas_grade` = \'\', `wali_kelas` = \'\', `tahun_ajaran` = \'\'
WHERE `tb_kelas`.`kelas_id` IN (\'8\')', 0)
 2 SYSTEMPATH\Database\BaseConnection.php(666): CodeIgniter\Database\MySQLi\Connection->execute('UPDATE `tb_kelas` SET `kelas_kode` = \'A122\', `kelas_nama` = \'12IPA2\', `kelas_grade` = \'\', `wali_kelas` = \'\', `tahun_ajaran` = \'\'
WHERE `tb_kelas`.`kelas_id` IN (\'8\')')
 3 SYSTEMPATH\Database\BaseConnection.php(593): CodeIgniter\Database\BaseConnection->simpleQuery('UPDATE `tb_kelas` SET `kelas_kode` = \'A122\', `kelas_nama` = \'12IPA2\', `kelas_grade` = \'\', `wali_kelas` = \'\', `tahun_ajaran` = \'\'
WHERE `tb_kelas`.`kelas_id` IN (\'8\')')
 4 SYSTEMPATH\Database\BaseBuilder.php(2079): CodeIgniter\Database\BaseConnection->query('UPDATE `tb_kelas` SET `kelas_kode` = :kelas_kode:, `kelas_nama` = :kelas_nama:, `kelas_grade` = :kelas_grade:, `wali_kelas` = :wali_kelas:, `tahun_ajaran` = :tahun_ajaran:
WHERE `tb_kelas`.`kelas_id` IN :tb_kelas.kelas_id:', [...], false)
 5 SYSTEMPATH\Model.php(338): CodeIgniter\Database\BaseBuilder->update()
 6 SYSTEMPATH\BaseModel.php(886): CodeIgniter\Model->doUpdate([...], [...])
 7 SYSTEMPATH\Model.php(693): CodeIgniter\BaseModel->update([...], [...])
 8 APPPATH\Controllers\Kelas.php(55): CodeIgniter\Model->update('8', [...])
 9 SYSTEMPATH\CodeIgniter.php(927): App\Controllers\Kelas->editData('8')
10 SYSTEMPATH\CodeIgniter.php(482): CodeIgniter\CodeIgniter->runController(Object(App\Controllers\Kelas))
11 SYSTEMPATH\CodeIgniter.php(351): CodeIgniter\CodeIgniter->handleRequest(null, Object(Config\Cache), false)
12 FCPATH\index.php(67): CodeIgniter\CodeIgniter->run()
13 SYSTEMPATH\Commands\Server\rewrite.php(46): require_once('FCPATH\\index.php')
CRITICAL - 2022-11-28 11:34:44 --> Call to a member function findAll() on null
in APPPATH\Controllers\Siswa.php on line 23.
 1 SYSTEMPATH\CodeIgniter.php(927): App\Controllers\Siswa->index()
 2 SYSTEMPATH\CodeIgniter.php(482): CodeIgniter\CodeIgniter->runController(Object(App\Controllers\Siswa))
 3 SYSTEMPATH\CodeIgniter.php(351): CodeIgniter\CodeIgniter->handleRequest(null, Object(Config\Cache), false)
 4 FCPATH\index.php(67): CodeIgniter\CodeIgniter->run()
 5 SYSTEMPATH\Commands\Server\rewrite.php(46): require_once('FCPATH\\index.php')
ERROR - 2022-11-28 11:37:36 --> mysqli_sql_exception: Unknown column 'kelas.kelas_id' in 'on clause' in C:\xampp\htdocs\sistem_absensi\sistem_absensi\vendor\codeigniter4\framework\system\Database\MySQLi\Connection.php:292
Stack trace:
#0 C:\xampp\htdocs\sistem_absensi\sistem_absensi\vendor\codeigniter4\framework\system\Database\MySQLi\Connection.php(292): mysqli->query('SELECT *\nFROM `...', 0)
#1 C:\xampp\htdocs\sistem_absensi\sistem_absensi\vendor\codeigniter4\framework\system\Database\BaseConnection.php(666): CodeIgniter\Database\MySQLi\Connection->execute('SELECT *\nFROM `...')
#2 C:\xampp\htdocs\sistem_absensi\sistem_absensi\vendor\codeigniter4\framework\system\Database\BaseConnection.php(593): CodeIgniter\Database\BaseConnection->simpleQuery('SELECT *\nFROM `...')
#3 C:\xampp\htdocs\sistem_absensi\sistem_absensi\vendor\codeigniter4\framework\system\Database\BaseBuilder.php(1585): CodeIgniter\Database\BaseConnection->query('SELECT *\nFROM `...', Array, false)
#4 C:\xampp\htdocs\sistem_absensi\sistem_absensi\app\Models\Model_siswa.php(32): CodeIgniter\Database\BaseBuilder->get()
#5 C:\xampp\htdocs\sistem_absensi\sistem_absensi\app\Controllers\Siswa.php(23): App\Models\Model_siswa->getKelasSiswa()
#6 C:\xampp\htdocs\sistem_absensi\sistem_absensi\vendor\codeigniter4\framework\system\CodeIgniter.php(927): App\Controllers\Siswa->index()
#7 C:\xampp\htdocs\sistem_absensi\sistem_absensi\vendor\codeigniter4\framework\system\CodeIgniter.php(482): CodeIgniter\CodeIgniter->runController(Object(App\Controllers\Siswa))
#8 C:\xampp\htdocs\sistem_absensi\sistem_absensi\vendor\codeigniter4\framework\system\CodeIgniter.php(351): CodeIgniter\CodeIgniter->handleRequest(NULL, Object(Config\Cache), false)
#9 C:\xampp\htdocs\sistem_absensi\sistem_absensi\public\index.php(67): CodeIgniter\CodeIgniter->run()
#10 C:\xampp\htdocs\sistem_absensi\sistem_absensi\vendor\codeigniter4\framework\system\Commands\Server\rewrite.php(46): require_once('C:\\xampp\\htdocs...')
#11 {main}
CRITICAL - 2022-11-28 11:37:36 --> Unknown column 'kelas.kelas_id' in 'on clause'
in SYSTEMPATH\Database\MySQLi\Connection.php on line 292.
 1 SYSTEMPATH\Database\MySQLi\Connection.php(292): mysqli->query('SELECT *
FROM `tb_siswa`
JOIN `tb_kelas` ON `kelas`.`kelas_id`=`siswa`.`siswa_id_kelas`
JOIN `tb_tahun_ajaran` ON `tb_tahun_ajaran`.`th_id`=`siswa`.`siswa_tahun_angkatan`', 0)
 2 SYSTEMPATH\Database\BaseConnection.php(666): CodeIgniter\Database\MySQLi\Connection->execute('SELECT *
FROM `tb_siswa`
JOIN `tb_kelas` ON `kelas`.`kelas_id`=`siswa`.`siswa_id_kelas`
JOIN `tb_tahun_ajaran` ON `tb_tahun_ajaran`.`th_id`=`siswa`.`siswa_tahun_angkatan`')
 3 SYSTEMPATH\Database\BaseConnection.php(593): CodeIgniter\Database\BaseConnection->simpleQuery('SELECT *
FROM `tb_siswa`
JOIN `tb_kelas` ON `kelas`.`kelas_id`=`siswa`.`siswa_id_kelas`
JOIN `tb_tahun_ajaran` ON `tb_tahun_ajaran`.`th_id`=`siswa`.`siswa_tahun_angkatan`')
 4 SYSTEMPATH\Database\BaseBuilder.php(1585): CodeIgniter\Database\BaseConnection->query('SELECT *
FROM `tb_siswa`
JOIN `tb_kelas` ON `kelas`.`kelas_id`=`siswa`.`siswa_id_kelas`
JOIN `tb_tahun_ajaran` ON `tb_tahun_ajaran`.`th_id`=`siswa`.`siswa_tahun_angkatan`', [], false)
 5 APPPATH\Models\Model_siswa.php(32): CodeIgniter\Database\BaseBuilder->get()
 6 APPPATH\Controllers\Siswa.php(23): App\Models\Model_siswa->getKelasSiswa()
 7 SYSTEMPATH\CodeIgniter.php(927): App\Controllers\Siswa->index()
 8 SYSTEMPATH\CodeIgniter.php(482): CodeIgniter\CodeIgniter->runController(Object(App\Controllers\Siswa))
 9 SYSTEMPATH\CodeIgniter.php(351): CodeIgniter\CodeIgniter->handleRequest(null, Object(Config\Cache), false)
10 FCPATH\index.php(67): CodeIgniter\CodeIgniter->run()
11 SYSTEMPATH\Commands\Server\rewrite.php(46): require_once('FCPATH\\index.php')
ERROR - 2022-11-28 11:38:35 --> mysqli_sql_exception: Unknown column 'siswa.siswa_id_kelas' in 'on clause' in C:\xampp\htdocs\sistem_absensi\sistem_absensi\vendor\codeigniter4\framework\system\Database\MySQLi\Connection.php:292
Stack trace:
#0 C:\xampp\htdocs\sistem_absensi\sistem_absensi\vendor\codeigniter4\framework\system\Database\MySQLi\Connection.php(292): mysqli->query('SELECT *\nFROM `...', 0)
#1 C:\xampp\htdocs\sistem_absensi\sistem_absensi\vendor\codeigniter4\framework\system\Database\BaseConnection.php(666): CodeIgniter\Database\MySQLi\Connection->execute('SELECT *\nFROM `...')
#2 C:\xampp\htdocs\sistem_absensi\sistem_absensi\vendor\codeigniter4\framework\system\Database\BaseConnection.php(593): CodeIgniter\Database\BaseConnection->simpleQuery('SELECT *\nFROM `...')
#3 C:\xampp\htdocs\sistem_absensi\sistem_absensi\vendor\codeigniter4\framework\system\Database\BaseBuilder.php(1585): CodeIgniter\Database\BaseConnection->query('SELECT *\nFROM `...', Array, false)
#4 C:\xampp\htdocs\sistem_absensi\sistem_absensi\app\Models\Model_siswa.php(32): CodeIgniter\Database\BaseBuilder->get()
#5 C:\xampp\htdocs\sistem_absensi\sistem_absensi\app\Controllers\Siswa.php(23): App\Models\Model_siswa->getKelasSiswa()
#6 C:\xampp\htdocs\sistem_absensi\sistem_absensi\vendor\codeigniter4\framework\system\CodeIgniter.php(927): App\Controllers\Siswa->index()
#7 C:\xampp\htdocs\sistem_absensi\sistem_absensi\vendor\codeigniter4\framework\system\CodeIgniter.php(482): CodeIgniter\CodeIgniter->runController(Object(App\Controllers\Siswa))
#8 C:\xampp\htdocs\sistem_absensi\sistem_absensi\vendor\codeigniter4\framework\system\CodeIgniter.php(351): CodeIgniter\CodeIgniter->handleRequest(NULL, Object(Config\Cache), false)
#9 C:\xampp\htdocs\sistem_absensi\sistem_absensi\public\index.php(67): CodeIgniter\CodeIgniter->run()
#10 C:\xampp\htdocs\sistem_absensi\sistem_absensi\vendor\codeigniter4\framework\system\Commands\Server\rewrite.php(46): require_once('C:\\xampp\\htdocs...')
#11 {main}
CRITICAL - 2022-11-28 11:38:35 --> Unknown column 'siswa.siswa_id_kelas' in 'on clause'
in SYSTEMPATH\Database\MySQLi\Connection.php on line 292.
 1 SYSTEMPATH\Database\MySQLi\Connection.php(292): mysqli->query('SELECT *
FROM `tb_siswa`
JOIN `tb_kelas` ON `tb_kelas`.`kelas_id`=`siswa`.`siswa_id_kelas`
JOIN `tb_tahun_ajaran` ON `tb_tahun_ajaran`.`th_id`=`siswa`.`siswa_tahun_angkatan`', 0)
 2 SYSTEMPATH\Database\BaseConnection.php(666): CodeIgniter\Database\MySQLi\Connection->execute('SELECT *
FROM `tb_siswa`
JOIN `tb_kelas` ON `tb_kelas`.`kelas_id`=`siswa`.`siswa_id_kelas`
JOIN `tb_tahun_ajaran` ON `tb_tahun_ajaran`.`th_id`=`siswa`.`siswa_tahun_angkatan`')
 3 SYSTEMPATH\Database\BaseConnection.php(593): CodeIgniter\Database\BaseConnection->simpleQuery('SELECT *
FROM `tb_siswa`
JOIN `tb_kelas` ON `tb_kelas`.`kelas_id`=`siswa`.`siswa_id_kelas`
JOIN `tb_tahun_ajaran` ON `tb_tahun_ajaran`.`th_id`=`siswa`.`siswa_tahun_angkatan`')
 4 SYSTEMPATH\Database\BaseBuilder.php(1585): CodeIgniter\Database\BaseConnection->query('SELECT *
FROM `tb_siswa`
JOIN `tb_kelas` ON `tb_kelas`.`kelas_id`=`siswa`.`siswa_id_kelas`
JOIN `tb_tahun_ajaran` ON `tb_tahun_ajaran`.`th_id`=`siswa`.`siswa_tahun_angkatan`', [], false)
 5 APPPATH\Models\Model_siswa.php(32): CodeIgniter\Database\BaseBuilder->get()
 6 APPPATH\Controllers\Siswa.php(23): App\Models\Model_siswa->getKelasSiswa()
 7 SYSTEMPATH\CodeIgniter.php(927): App\Controllers\Siswa->index()
 8 SYSTEMPATH\CodeIgniter.php(482): CodeIgniter\CodeIgniter->runController(Object(App\Controllers\Siswa))
 9 SYSTEMPATH\CodeIgniter.php(351): CodeIgniter\CodeIgniter->handleRequest(null, Object(Config\Cache), false)
10 FCPATH\index.php(67): CodeIgniter\CodeIgniter->run()
11 SYSTEMPATH\Commands\Server\rewrite.php(46): require_once('FCPATH\\index.php')
ERROR - 2022-11-28 11:38:46 --> mysqli_sql_exception: Unknown column 'siswa.tb_siswa_id_kelas' in 'on clause' in C:\xampp\htdocs\sistem_absensi\sistem_absensi\vendor\codeigniter4\framework\system\Database\MySQLi\Connection.php:292
Stack trace:
#0 C:\xampp\htdocs\sistem_absensi\sistem_absensi\vendor\codeigniter4\framework\system\Database\MySQLi\Connection.php(292): mysqli->query('SELECT *\nFROM `...', 0)
#1 C:\xampp\htdocs\sistem_absensi\sistem_absensi\vendor\codeigniter4\framework\system\Database\BaseConnection.php(666): CodeIgniter\Database\MySQLi\Connection->execute('SELECT *\nFROM `...')
#2 C:\xampp\htdocs\sistem_absensi\sistem_absensi\vendor\codeigniter4\framework\system\Database\BaseConnection.php(593): CodeIgniter\Database\BaseConnection->simpleQuery('SELECT *\nFROM `...')
#3 C:\xampp\htdocs\sistem_absensi\sistem_absensi\vendor\codeigniter4\framework\system\Database\BaseBuilder.php(1585): CodeIgniter\Database\BaseConnection->query('SELECT *\nFROM `...', Array, false)
#4 C:\xampp\htdocs\sistem_absensi\sistem_absensi\app\Models\Model_siswa.php(32): CodeIgniter\Database\BaseBuilder->get()
#5 C:\xampp\htdocs\sistem_absensi\sistem_absensi\app\Controllers\Siswa.php(23): App\Models\Model_siswa->getKelasSiswa()
#6 C:\xampp\htdocs\sistem_absensi\sistem_absensi\vendor\codeigniter4\framework\system\CodeIgniter.php(927): App\Controllers\Siswa->index()
#7 C:\xampp\htdocs\sistem_absensi\sistem_absensi\vendor\codeigniter4\framework\system\CodeIgniter.php(482): CodeIgniter\CodeIgniter->runController(Object(App\Controllers\Siswa))
#8 C:\xampp\htdocs\sistem_absensi\sistem_absensi\vendor\codeigniter4\framework\system\CodeIgniter.php(351): CodeIgniter\CodeIgniter->handleRequest(NULL, Object(Config\Cache), false)
#9 C:\xampp\htdocs\sistem_absensi\sistem_absensi\public\index.php(67): CodeIgniter\CodeIgniter->run()
#10 C:\xampp\htdocs\sistem_absensi\sistem_absensi\vendor\codeigniter4\framework\system\Commands\Server\rewrite.php(46): require_once('C:\\xampp\\htdocs...')
#11 {main}
CRITICAL - 2022-11-28 11:38:46 --> Unknown column 'siswa.tb_siswa_id_kelas' in 'on clause'
in SYSTEMPATH\Database\MySQLi\Connection.php on line 292.
 1 SYSTEMPATH\Database\MySQLi\Connection.php(292): mysqli->query('SELECT *
FROM `tb_siswa`
JOIN `tb_kelas` ON `tb_kelas`.`kelas_id`=`siswa`.`tb_siswa_id_kelas`
JOIN `tb_tahun_ajaran` ON `tb_tahun_ajaran`.`th_id`=`siswa`.`siswa_tahun_angkatan`', 0)
 2 SYSTEMPATH\Database\BaseConnection.php(666): CodeIgniter\Database\MySQLi\Connection->execute('SELECT *
FROM `tb_siswa`
JOIN `tb_kelas` ON `tb_kelas`.`kelas_id`=`siswa`.`tb_siswa_id_kelas`
JOIN `tb_tahun_ajaran` ON `tb_tahun_ajaran`.`th_id`=`siswa`.`siswa_tahun_angkatan`')
 3 SYSTEMPATH\Database\BaseConnection.php(593): CodeIgniter\Database\BaseConnection->simpleQuery('SELECT *
FROM `tb_siswa`
JOIN `tb_kelas` ON `tb_kelas`.`kelas_id`=`siswa`.`tb_siswa_id_kelas`
JOIN `tb_tahun_ajaran` ON `tb_tahun_ajaran`.`th_id`=`siswa`.`siswa_tahun_angkatan`')
 4 SYSTEMPATH\Database\BaseBuilder.php(1585): CodeIgniter\Database\BaseConnection->query('SELECT *
FROM `tb_siswa`
JOIN `tb_kelas` ON `tb_kelas`.`kelas_id`=`siswa`.`tb_siswa_id_kelas`
JOIN `tb_tahun_ajaran` ON `tb_tahun_ajaran`.`th_id`=`siswa`.`siswa_tahun_angkatan`', [], false)
 5 APPPATH\Models\Model_siswa.php(32): CodeIgniter\Database\BaseBuilder->get()
 6 APPPATH\Controllers\Siswa.php(23): App\Models\Model_siswa->getKelasSiswa()
 7 SYSTEMPATH\CodeIgniter.php(927): App\Controllers\Siswa->index()
 8 SYSTEMPATH\CodeIgniter.php(482): CodeIgniter\CodeIgniter->runController(Object(App\Controllers\Siswa))
 9 SYSTEMPATH\CodeIgniter.php(351): CodeIgniter\CodeIgniter->handleRequest(null, Object(Config\Cache), false)
10 FCPATH\index.php(67): CodeIgniter\CodeIgniter->run()
11 SYSTEMPATH\Commands\Server\rewrite.php(46): require_once('FCPATH\\index.php')
ERROR - 2022-11-28 11:39:26 --> mysqli_sql_exception: Unknown column 'siswa.siswa_tahun_angkatan' in 'on clause' in C:\xampp\htdocs\sistem_absensi\sistem_absensi\vendor\codeigniter4\framework\system\Database\MySQLi\Connection.php:292
Stack trace:
#0 C:\xampp\htdocs\sistem_absensi\sistem_absensi\vendor\codeigniter4\framework\system\Database\MySQLi\Connection.php(292): mysqli->query('SELECT *\nFROM `...', 0)
#1 C:\xampp\htdocs\sistem_absensi\sistem_absensi\vendor\codeigniter4\framework\system\Database\BaseConnection.php(666): CodeIgniter\Database\MySQLi\Connection->execute('SELECT *\nFROM `...')
#2 C:\xampp\htdocs\sistem_absensi\sistem_absensi\vendor\codeigniter4\framework\system\Database\BaseConnection.php(593): CodeIgniter\Database\BaseConnection->simpleQuery('SELECT *\nFROM `...')
#3 C:\xampp\htdocs\sistem_absensi\sistem_absensi\vendor\codeigniter4\framework\system\Database\BaseBuilder.php(1585): CodeIgniter\Database\BaseConnection->query('SELECT *\nFROM `...', Array, false)
#4 C:\xampp\htdocs\sistem_absensi\sistem_absensi\app\Models\Model_siswa.php(32): CodeIgniter\Database\BaseBuilder->get()
#5 C:\xampp\htdocs\sistem_absensi\sistem_absensi\app\Controllers\Siswa.php(23): App\Models\Model_siswa->getKelasSiswa()
#6 C:\xampp\htdocs\sistem_absensi\sistem_absensi\vendor\codeigniter4\framework\system\CodeIgniter.php(927): App\Controllers\Siswa->index()
#7 C:\xampp\htdocs\sistem_absensi\sistem_absensi\vendor\codeigniter4\framework\system\CodeIgniter.php(482): CodeIgniter\CodeIgniter->runController(Object(App\Controllers\Siswa))
#8 C:\xampp\htdocs\sistem_absensi\sistem_absensi\vendor\codeigniter4\framework\system\CodeIgniter.php(351): CodeIgniter\CodeIgniter->handleRequest(NULL, Object(Config\Cache), false)
#9 C:\xampp\htdocs\sistem_absensi\sistem_absensi\public\index.php(67): CodeIgniter\CodeIgniter->run()
#10 C:\xampp\htdocs\sistem_absensi\sistem_absensi\vendor\codeigniter4\framework\system\Commands\Server\rewrite.php(46): require_once('C:\\xampp\\htdocs...')
#11 {main}
CRITICAL - 2022-11-28 11:39:26 --> Unknown column 'siswa.siswa_tahun_angkatan' in 'on clause'
in SYSTEMPATH\Database\MySQLi\Connection.php on line 292.
 1 SYSTEMPATH\Database\MySQLi\Connection.php(292): mysqli->query('SELECT *
FROM `tb_siswa`
JOIN `tb_kelas` ON `tb_kelas`.`kelas_id`=`tb_siswa`.`siswa_id_kelas`
JOIN `tb_tahun_ajaran` ON `tb_tahun_ajaran`.`th_id`=`siswa`.`siswa_tahun_angkatan`', 0)
 2 SYSTEMPATH\Database\BaseConnection.php(666): CodeIgniter\Database\MySQLi\Connection->execute('SELECT *
FROM `tb_siswa`
JOIN `tb_kelas` ON `tb_kelas`.`kelas_id`=`tb_siswa`.`siswa_id_kelas`
JOIN `tb_tahun_ajaran` ON `tb_tahun_ajaran`.`th_id`=`siswa`.`siswa_tahun_angkatan`')
 3 SYSTEMPATH\Database\BaseConnection.php(593): CodeIgniter\Database\BaseConnection->simpleQuery('SELECT *
FROM `tb_siswa`
JOIN `tb_kelas` ON `tb_kelas`.`kelas_id`=`tb_siswa`.`siswa_id_kelas`
JOIN `tb_tahun_ajaran` ON `tb_tahun_ajaran`.`th_id`=`siswa`.`siswa_tahun_angkatan`')
 4 SYSTEMPATH\Database\BaseBuilder.php(1585): CodeIgniter\Database\BaseConnection->query('SELECT *
FROM `tb_siswa`
JOIN `tb_kelas` ON `tb_kelas`.`kelas_id`=`tb_siswa`.`siswa_id_kelas`
JOIN `tb_tahun_ajaran` ON `tb_tahun_ajaran`.`th_id`=`siswa`.`siswa_tahun_angkatan`', [], false)
 5 APPPATH\Models\Model_siswa.php(32): CodeIgniter\Database\BaseBuilder->get()
 6 APPPATH\Controllers\Siswa.php(23): App\Models\Model_siswa->getKelasSiswa()
 7 SYSTEMPATH\CodeIgniter.php(927): App\Controllers\Siswa->index()
 8 SYSTEMPATH\CodeIgniter.php(482): CodeIgniter\CodeIgniter->runController(Object(App\Controllers\Siswa))
 9 SYSTEMPATH\CodeIgniter.php(351): CodeIgniter\CodeIgniter->handleRequest(null, Object(Config\Cache), false)
10 FCPATH\index.php(67): CodeIgniter\CodeIgniter->run()
11 SYSTEMPATH\Commands\Server\rewrite.php(46): require_once('FCPATH\\index.php')
ERROR - 2022-11-28 11:39:37 --> mysqli_sql_exception: Unknown column 'tb_siswa.siswa_tahun_angkatan' in 'on clause' in C:\xampp\htdocs\sistem_absensi\sistem_absensi\vendor\codeigniter4\framework\system\Database\MySQLi\Connection.php:292
Stack trace:
#0 C:\xampp\htdocs\sistem_absensi\sistem_absensi\vendor\codeigniter4\framework\system\Database\MySQLi\Connection.php(292): mysqli->query('SELECT *\nFROM `...', 0)
#1 C:\xampp\htdocs\sistem_absensi\sistem_absensi\vendor\codeigniter4\framework\system\Database\BaseConnection.php(666): CodeIgniter\Database\MySQLi\Connection->execute('SELECT *\nFROM `...')
#2 C:\xampp\htdocs\sistem_absensi\sistem_absensi\vendor\codeigniter4\framework\system\Database\BaseConnection.php(593): CodeIgniter\Database\BaseConnection->simpleQuery('SELECT *\nFROM `...')
#3 C:\xampp\htdocs\sistem_absensi\sistem_absensi\vendor\codeigniter4\framework\system\Database\BaseBuilder.php(1585): CodeIgniter\Database\BaseConnection->query('SELECT *\nFROM `...', Array, false)
#4 C:\xampp\htdocs\sistem_absensi\sistem_absensi\app\Models\Model_siswa.php(32): CodeIgniter\Database\BaseBuilder->get()
#5 C:\xampp\htdocs\sistem_absensi\sistem_absensi\app\Controllers\Siswa.php(23): App\Models\Model_siswa->getKelasSiswa()
#6 C:\xampp\htdocs\sistem_absensi\sistem_absensi\vendor\codeigniter4\framework\system\CodeIgniter.php(927): App\Controllers\Siswa->index()
#7 C:\xampp\htdocs\sistem_absensi\sistem_absensi\vendor\codeigniter4\framework\system\CodeIgniter.php(482): CodeIgniter\CodeIgniter->runController(Object(App\Controllers\Siswa))
#8 C:\xampp\htdocs\sistem_absensi\sistem_absensi\vendor\codeigniter4\framework\system\CodeIgniter.php(351): CodeIgniter\CodeIgniter->handleRequest(NULL, Object(Config\Cache), false)
#9 C:\xampp\htdocs\sistem_absensi\sistem_absensi\public\index.php(67): CodeIgniter\CodeIgniter->run()
#10 C:\xampp\htdocs\sistem_absensi\sistem_absensi\vendor\codeigniter4\framework\system\Commands\Server\rewrite.php(46): require_once('C:\\xampp\\htdocs...')
#11 {main}
CRITICAL - 2022-11-28 11:39:37 --> Unknown column 'tb_siswa.siswa_tahun_angkatan' in 'on clause'
in SYSTEMPATH\Database\MySQLi\Connection.php on line 292.
 1 SYSTEMPATH\Database\MySQLi\Connection.php(292): mysqli->query('SELECT *
FROM `tb_siswa`
JOIN `tb_kelas` ON `tb_kelas`.`kelas_id`=`tb_siswa`.`siswa_id_kelas`
JOIN `tb_tahun_ajaran` ON `tb_tahun_ajaran`.`th_id`=`tb_siswa`.`siswa_tahun_angkatan`', 0)
 2 SYSTEMPATH\Database\BaseConnection.php(666): CodeIgniter\Database\MySQLi\Connection->execute('SELECT *
FROM `tb_siswa`
JOIN `tb_kelas` ON `tb_kelas`.`kelas_id`=`tb_siswa`.`siswa_id_kelas`
JOIN `tb_tahun_ajaran` ON `tb_tahun_ajaran`.`th_id`=`tb_siswa`.`siswa_tahun_angkatan`')
 3 SYSTEMPATH\Database\BaseConnection.php(593): CodeIgniter\Database\BaseConnection->simpleQuery('SELECT *
FROM `tb_siswa`
JOIN `tb_kelas` ON `tb_kelas`.`kelas_id`=`tb_siswa`.`siswa_id_kelas`
JOIN `tb_tahun_ajaran` ON `tb_tahun_ajaran`.`th_id`=`tb_siswa`.`siswa_tahun_angkatan`')
 4 SYSTEMPATH\Database\BaseBuilder.php(1585): CodeIgniter\Database\BaseConnection->query('SELECT *
FROM `tb_siswa`
JOIN `tb_kelas` ON `tb_kelas`.`kelas_id`=`tb_siswa`.`siswa_id_kelas`
JOIN `tb_tahun_ajaran` ON `tb_tahun_ajaran`.`th_id`=`tb_siswa`.`siswa_tahun_angkatan`', [], false)
 5 APPPATH\Models\Model_siswa.php(32): CodeIgniter\Database\BaseBuilder->get()
 6 APPPATH\Controllers\Siswa.php(23): App\Models\Model_siswa->getKelasSiswa()
 7 SYSTEMPATH\CodeIgniter.php(927): App\Controllers\Siswa->index()
 8 SYSTEMPATH\CodeIgniter.php(482): CodeIgniter\CodeIgniter->runController(Object(App\Controllers\Siswa))
 9 SYSTEMPATH\CodeIgniter.php(351): CodeIgniter\CodeIgniter->handleRequest(null, Object(Config\Cache), false)
10 FCPATH\index.php(67): CodeIgniter\CodeIgniter->run()
11 SYSTEMPATH\Commands\Server\rewrite.php(46): require_once('FCPATH\\index.php')
