CRITICAL - 2022-11-06 01:41:01 --> Undefined property: App\Controllers\Mapel::$ModelJurusan
in APPPATH\Controllers\Mapel.php on line 42.
 1 APPPATH\Controllers\Mapel.php(42): CodeIgniter\Debug\Exceptions->errorHandler(2, 'Undefined property: App\\Controllers\\Mapel::$ModelJurusan', 'APPPATH\\Controllers\\Mapel.php', 42)
 2 SYSTEMPATH\CodeIgniter.php(927): App\Controllers\Mapel->editData('2')
 3 SYSTEMPATH\CodeIgniter.php(482): CodeIgniter\CodeIgniter->runController(Object(App\Controllers\Mapel))
 4 SYSTEMPATH\CodeIgniter.php(351): CodeIgniter\CodeIgniter->handleRequest(null, Object(Config\Cache), false)
 5 FCPATH\index.php(67): CodeIgniter\CodeIgniter->run()
 6 SYSTEMPATH\Commands\Server\rewrite.php(46): require_once('FCPATH\\index.php')
CRITICAL - 2022-11-06 02:22:48 --> Undefined variable $mapel
in APPPATH\Views\admin\view_tahun_ajar.php on line 107.
 1 APPPATH\Views\admin\view_tahun_ajar.php(107): CodeIgniter\Debug\Exceptions->errorHandler(2, 'Undefined variable $mapel', 'APPPATH\\Views\\admin\\view_tahun_ajar.php', 107)
 2 SYSTEMPATH\View\View.php(213): include('APPPATH\\Views\\admin\\view_tahun_ajar.php')
 3 SYSTEMPATH\View\View.php(216): CodeIgniter\View\View->CodeIgniter\View\{closure}()
 4 SYSTEMPATH\Common.php(1134): CodeIgniter\View\View->render('admin/view_tahun_ajar', [], true)
 5 APPPATH\Controllers\Tahun_ajar.php(23): view('admin/view_tahun_ajar', [...])
 6 SYSTEMPATH\CodeIgniter.php(927): App\Controllers\Tahun_ajar->index()
 7 SYSTEMPATH\CodeIgniter.php(482): CodeIgniter\CodeIgniter->runController(Object(App\Controllers\Tahun_ajar))
 8 SYSTEMPATH\CodeIgniter.php(351): CodeIgniter\CodeIgniter->handleRequest(null, Object(Config\Cache), false)
 9 FCPATH\index.php(67): CodeIgniter\CodeIgniter->run()
10 SYSTEMPATH\Commands\Server\rewrite.php(46): require_once('FCPATH\\index.php')
CRITICAL - 2022-11-06 02:23:33 --> Undefined array key "mapel_id"
in APPPATH\Views\admin\view_tahun_ajar.php on line 108.
 1 APPPATH\Views\admin\view_tahun_ajar.php(108): CodeIgniter\Debug\Exceptions->errorHandler(2, 'Undefined array key "mapel_id"', 'APPPATH\\Views\\admin\\view_tahun_ajar.php', 108)
 2 SYSTEMPATH\View\View.php(213): include('APPPATH\\Views\\admin\\view_tahun_ajar.php')
 3 SYSTEMPATH\View\View.php(216): CodeIgniter\View\View->CodeIgniter\View\{closure}()
 4 SYSTEMPATH\Common.php(1134): CodeIgniter\View\View->render('admin/view_tahun_ajar', [], true)
 5 APPPATH\Controllers\Tahun_ajar.php(23): view('admin/view_tahun_ajar', [...])
 6 SYSTEMPATH\CodeIgniter.php(927): App\Controllers\Tahun_ajar->index()
 7 SYSTEMPATH\CodeIgniter.php(482): CodeIgniter\CodeIgniter->runController(Object(App\Controllers\Tahun_ajar))
 8 SYSTEMPATH\CodeIgniter.php(351): CodeIgniter\CodeIgniter->handleRequest(null, Object(Config\Cache), false)
 9 FCPATH\index.php(67): CodeIgniter\CodeIgniter->run()
10 SYSTEMPATH\Commands\Server\rewrite.php(46): require_once('FCPATH\\index.php')
CRITICAL - 2022-11-06 02:23:49 --> Undefined array key "mapel_nama"
in APPPATH\Views\admin\view_tahun_ajar.php on line 153.
 1 APPPATH\Views\admin\view_tahun_ajar.php(153): CodeIgniter\Debug\Exceptions->errorHandler(2, 'Undefined array key "mapel_nama"', 'APPPATH\\Views\\admin\\view_tahun_ajar.php', 153)
 2 SYSTEMPATH\View\View.php(213): include('APPPATH\\Views\\admin\\view_tahun_ajar.php')
 3 SYSTEMPATH\View\View.php(216): CodeIgniter\View\View->CodeIgniter\View\{closure}()
 4 SYSTEMPATH\Common.php(1134): CodeIgniter\View\View->render('admin/view_tahun_ajar', [], true)
 5 APPPATH\Controllers\Tahun_ajar.php(23): view('admin/view_tahun_ajar', [...])
 6 SYSTEMPATH\CodeIgniter.php(927): App\Controllers\Tahun_ajar->index()
 7 SYSTEMPATH\CodeIgniter.php(482): CodeIgniter\CodeIgniter->runController(Object(App\Controllers\Tahun_ajar))
 8 SYSTEMPATH\CodeIgniter.php(351): CodeIgniter\CodeIgniter->handleRequest(null, Object(Config\Cache), false)
 9 FCPATH\index.php(67): CodeIgniter\CodeIgniter->run()
10 SYSTEMPATH\Commands\Server\rewrite.php(46): require_once('FCPATH\\index.php')
CRITICAL - 2022-11-06 06:51:38 --> Undefined variable $Guru
in APPPATH\Views\admin\view_guru.php on line 56.
 1 APPPATH\Views\admin\view_guru.php(56): CodeIgniter\Debug\Exceptions->errorHandler(2, 'Undefined variable $Guru', 'APPPATH\\Views\\admin\\view_guru.php', 56)
 2 SYSTEMPATH\View\View.php(213): include('APPPATH\\Views\\admin\\view_guru.php')
 3 SYSTEMPATH\View\View.php(216): CodeIgniter\View\View->CodeIgniter\View\{closure}()
 4 SYSTEMPATH\Common.php(1134): CodeIgniter\View\View->render('admin/view_guru', [], true)
 5 APPPATH\Controllers\Guru.php(23): view('admin/view_guru', [...])
 6 SYSTEMPATH\CodeIgniter.php(927): App\Controllers\Guru->index()
 7 SYSTEMPATH\CodeIgniter.php(482): CodeIgniter\CodeIgniter->runController(Object(App\Controllers\Guru))
 8 SYSTEMPATH\CodeIgniter.php(351): CodeIgniter\CodeIgniter->handleRequest(null, Object(Config\Cache), false)
 9 FCPATH\index.php(67): CodeIgniter\CodeIgniter->run()
10 SYSTEMPATH\Commands\Server\rewrite.php(46): require_once('FCPATH\\index.php')
CRITICAL - 2022-11-06 06:56:11 --> unlink(./foto_baner/1667739295_6983fd34a560ed1702a0.jpg): No such file or directory
in APPPATH\Controllers\Guru.php on line 89.
 1 [internal function]: CodeIgniter\Debug\Exceptions->errorHandler(2, 'unlink(./foto_baner/1667739295_6983fd34a560ed1702a0.jpg): No such file or directory', 'APPPATH\\Controllers\\Guru.php', 89)
 2 APPPATH\Controllers\Guru.php(89): unlink('./foto_baner/1667739295_6983fd34a560ed1702a0.jpg')
 3 SYSTEMPATH\CodeIgniter.php(927): App\Controllers\Guru->deleteData('1')
 4 SYSTEMPATH\CodeIgniter.php(482): CodeIgniter\CodeIgniter->runController(Object(App\Controllers\Guru))
 5 SYSTEMPATH\CodeIgniter.php(351): CodeIgniter\CodeIgniter->handleRequest(null, Object(Config\Cache), false)
 6 FCPATH\index.php(67): CodeIgniter\CodeIgniter->run()
 7 SYSTEMPATH\Commands\Server\rewrite.php(46): require_once('FCPATH\\index.php')
CRITICAL - 2022-11-06 06:56:46 --> unlink(./foto_foto/1667739295_6983fd34a560ed1702a0.jpg): No such file or directory
in APPPATH\Controllers\Guru.php on line 89.
 1 [internal function]: CodeIgniter\Debug\Exceptions->errorHandler(2, 'unlink(./foto_foto/1667739295_6983fd34a560ed1702a0.jpg): No such file or directory', 'APPPATH\\Controllers\\Guru.php', 89)
 2 APPPATH\Controllers\Guru.php(89): unlink('./foto_foto/1667739295_6983fd34a560ed1702a0.jpg')
 3 SYSTEMPATH\CodeIgniter.php(927): App\Controllers\Guru->deleteData('1')
 4 SYSTEMPATH\CodeIgniter.php(482): CodeIgniter\CodeIgniter->runController(Object(App\Controllers\Guru))
 5 SYSTEMPATH\CodeIgniter.php(351): CodeIgniter\CodeIgniter->handleRequest(null, Object(Config\Cache), false)
 6 FCPATH\index.php(67): CodeIgniter\CodeIgniter->run()
 7 SYSTEMPATH\Commands\Server\rewrite.php(46): require_once('FCPATH\\index.php')
CRITICAL - 2022-11-06 06:56:56 --> unlink(./guru_foto/1667739295_6983fd34a560ed1702a0.jpg): No such file or directory
in APPPATH\Controllers\Guru.php on line 89.
 1 [internal function]: CodeIgniter\Debug\Exceptions->errorHandler(2, 'unlink(./guru_foto/1667739295_6983fd34a560ed1702a0.jpg): No such file or directory', 'APPPATH\\Controllers\\Guru.php', 89)
 2 APPPATH\Controllers\Guru.php(89): unlink('./guru_foto/1667739295_6983fd34a560ed1702a0.jpg')
 3 SYSTEMPATH\CodeIgniter.php(927): App\Controllers\Guru->deleteData('1')
 4 SYSTEMPATH\CodeIgniter.php(482): CodeIgniter\CodeIgniter->runController(Object(App\Controllers\Guru))
 5 SYSTEMPATH\CodeIgniter.php(351): CodeIgniter\CodeIgniter->handleRequest(null, Object(Config\Cache), false)
 6 FCPATH\index.php(67): CodeIgniter\CodeIgniter->run()
 7 SYSTEMPATH\Commands\Server\rewrite.php(46): require_once('FCPATH\\index.php')
CRITICAL - 2022-11-06 06:57:06 --> unlink(./guru_foto/1667739295_6983fd34a560ed1702a0.jpg): No such file or directory
in APPPATH\Controllers\Guru.php on line 89.
 1 [internal function]: CodeIgniter\Debug\Exceptions->errorHandler(2, 'unlink(./guru_foto/1667739295_6983fd34a560ed1702a0.jpg): No such file or directory', 'APPPATH\\Controllers\\Guru.php', 89)
 2 APPPATH\Controllers\Guru.php(89): unlink('./guru_foto/1667739295_6983fd34a560ed1702a0.jpg')
 3 SYSTEMPATH\CodeIgniter.php(927): App\Controllers\Guru->deleteData('1')
 4 SYSTEMPATH\CodeIgniter.php(482): CodeIgniter\CodeIgniter->runController(Object(App\Controllers\Guru))
 5 SYSTEMPATH\CodeIgniter.php(351): CodeIgniter\CodeIgniter->handleRequest(null, Object(Config\Cache), false)
 6 FCPATH\index.php(67): CodeIgniter\CodeIgniter->run()
 7 SYSTEMPATH\Commands\Server\rewrite.php(46): require_once('FCPATH\\index.php')
