CRITICAL - 2022-11-08 01:27:18 --> Undefined array key 0
in APPPATH\Views\admin\view_guru.php on line 116.
 1 APPPATH\Views\admin\view_guru.php(116): CodeIgniter\Debug\Exceptions->errorHandler(2, 'Undefined array key 0', 'APPPATH\\Views\\admin\\view_guru.php', 116)
 2 SYSTEMPATH\View\View.php(213): include('APPPATH\\Views\\admin\\view_guru.php')
 3 SYSTEMPATH\View\View.php(216): CodeIgniter\View\View->CodeIgniter\View\{closure}()
 4 SYSTEMPATH\Common.php(1134): CodeIgniter\View\View->render('admin/view_guru', [], true)
 5 APPPATH\Controllers\Guru.php(26): view('admin/view_guru', [...])
 6 SYSTEMPATH\CodeIgniter.php(927): App\Controllers\Guru->index()
 7 SYSTEMPATH\CodeIgniter.php(482): CodeIgniter\CodeIgniter->runController(Object(App\Controllers\Guru))
 8 SYSTEMPATH\CodeIgniter.php(351): CodeIgniter\CodeIgniter->handleRequest(null, Object(Config\Cache), false)
 9 FCPATH\index.php(67): CodeIgniter\CodeIgniter->run()
10 SYSTEMPATH\Commands\Server\rewrite.php(46): require_once('FCPATH\\index.php')
CRITICAL - 2022-11-08 01:27:28 --> Undefined array key 1
in APPPATH\Views\admin\view_guru.php on line 116.
 1 APPPATH\Views\admin\view_guru.php(116): CodeIgniter\Debug\Exceptions->errorHandler(2, 'Undefined array key 1', 'APPPATH\\Views\\admin\\view_guru.php', 116)
 2 SYSTEMPATH\View\View.php(213): include('APPPATH\\Views\\admin\\view_guru.php')
 3 SYSTEMPATH\View\View.php(216): CodeIgniter\View\View->CodeIgniter\View\{closure}()
 4 SYSTEMPATH\Common.php(1134): CodeIgniter\View\View->render('admin/view_guru', [], true)
 5 APPPATH\Controllers\Guru.php(26): view('admin/view_guru', [...])
 6 SYSTEMPATH\CodeIgniter.php(927): App\Controllers\Guru->index()
 7 SYSTEMPATH\CodeIgniter.php(482): CodeIgniter\CodeIgniter->runController(Object(App\Controllers\Guru))
 8 SYSTEMPATH\CodeIgniter.php(351): CodeIgniter\CodeIgniter->handleRequest(null, Object(Config\Cache), false)
 9 FCPATH\index.php(67): CodeIgniter\CodeIgniter->run()
10 SYSTEMPATH\Commands\Server\rewrite.php(46): require_once('FCPATH\\index.php')
CRITICAL - 2022-11-08 01:29:03 --> Undefined array key "role"
in APPPATH\Views\admin\view_guru.php on line 115.
 1 APPPATH\Views\admin\view_guru.php(115): CodeIgniter\Debug\Exceptions->errorHandler(2, 'Undefined array key "role"', 'APPPATH\\Views\\admin\\view_guru.php', 115)
 2 SYSTEMPATH\View\View.php(213): include('APPPATH\\Views\\admin\\view_guru.php')
 3 SYSTEMPATH\View\View.php(216): CodeIgniter\View\View->CodeIgniter\View\{closure}()
 4 SYSTEMPATH\Common.php(1134): CodeIgniter\View\View->render('admin/view_guru', [], true)
 5 APPPATH\Controllers\Guru.php(26): view('admin/view_guru', [...])
 6 SYSTEMPATH\CodeIgniter.php(927): App\Controllers\Guru->index()
 7 SYSTEMPATH\CodeIgniter.php(482): CodeIgniter\CodeIgniter->runController(Object(App\Controllers\Guru))
 8 SYSTEMPATH\CodeIgniter.php(351): CodeIgniter\CodeIgniter->handleRequest(null, Object(Config\Cache), false)
 9 FCPATH\index.php(67): CodeIgniter\CodeIgniter->run()
10 SYSTEMPATH\Commands\Server\rewrite.php(46): require_once('FCPATH\\index.php')
