CRITICAL - 2022-11-19 12:42:51 --> Undefined variable $tahun_ajaran
in APPPATH\Views\admin\view_kelas.php on line 109.
 1 APPPATH\Views\admin\view_kelas.php(109): CodeIgniter\Debug\Exceptions->errorHandler(2, 'Undefined variable $tahun_ajaran', 'APPPATH\\Views\\admin\\view_kelas.php', 109)
 2 SYSTEMPATH\View\View.php(213): include('APPPATH\\Views\\admin\\view_kelas.php')
 3 SYSTEMPATH\View\View.php(216): CodeIgniter\View\View->CodeIgniter\View\{closure}()
 4 SYSTEMPATH\Common.php(1134): CodeIgniter\View\View->render('admin/view_kelas', [], true)
 5 APPPATH\Controllers\Kelas.php(29): view('admin/view_kelas', [...])
 6 SYSTEMPATH\CodeIgniter.php(927): App\Controllers\Kelas->index()
 7 SYSTEMPATH\CodeIgniter.php(482): CodeIgniter\CodeIgniter->runController(Object(App\Controllers\Kelas))
 8 SYSTEMPATH\CodeIgniter.php(351): CodeIgniter\CodeIgniter->handleRequest(null, Object(Config\Cache), false)
 9 FCPATH\index.php(67): CodeIgniter\CodeIgniter->run()
10 SYSTEMPATH\Commands\Server\rewrite.php(46): require_once('FCPATH\\index.php')
CRITICAL - 2022-11-19 12:43:45 --> Undefined variable $tahun_ajaran
in APPPATH\Views\admin\view_kelas.php on line 109.
 1 APPPATH\Views\admin\view_kelas.php(109): CodeIgniter\Debug\Exceptions->errorHandler(2, 'Undefined variable $tahun_ajaran', 'APPPATH\\Views\\admin\\view_kelas.php', 109)
 2 SYSTEMPATH\View\View.php(213): include('APPPATH\\Views\\admin\\view_kelas.php')
 3 SYSTEMPATH\View\View.php(216): CodeIgniter\View\View->CodeIgniter\View\{closure}()
 4 SYSTEMPATH\Common.php(1134): CodeIgniter\View\View->render('admin/view_kelas', [], true)
 5 APPPATH\Controllers\Kelas.php(29): view('admin/view_kelas', [...])
 6 SYSTEMPATH\CodeIgniter.php(927): App\Controllers\Kelas->index()
 7 SYSTEMPATH\CodeIgniter.php(482): CodeIgniter\CodeIgniter->runController(Object(App\Controllers\Kelas))
 8 SYSTEMPATH\CodeIgniter.php(351): CodeIgniter\CodeIgniter->handleRequest(null, Object(Config\Cache), false)
 9 FCPATH\index.php(67): CodeIgniter\CodeIgniter->run()
10 SYSTEMPATH\Commands\Server\rewrite.php(46): require_once('FCPATH\\index.php')
